{
"contracts\\contracts\\introspection\\ERC165.sol":{"l":{"27":3,"36":0,"51":12,"52":12},"path":"C:\\xampp\\htdocs\\sc\\semesterII\\ERC721Lottery\\contracts\\contracts\\introspection\\ERC165.sol","s":{"1":3,"2":0,"3":12,"4":12},"b":{"1":[12,0]},"f":{"1":3,"2":0,"3":12},"fnMap":{"1":{"name":"constructor","line":24,"loc":{"start":{"line":24,"column":4},"end":{"line":28,"column":4}}},"2":{"name":"supportsInterface","line":35,"loc":{"start":{"line":35,"column":4},"end":{"line":37,"column":4}}},"3":{"name":"_registerInterface","line":50,"loc":{"start":{"line":50,"column":4},"end":{"line":53,"column":4}}}},"statementMap":{"1":{"start":{"line":27,"column":8},"end":{"line":27,"column":47}},"2":{"start":{"line":36,"column":8},"end":{"line":36,"column":48}},"3":{"start":{"line":51,"column":8},"end":{"line":51,"column":73}},"4":{"start":{"line":52,"column":8},"end":{"line":52,"column":47}}},"branchMap":{"1":{"line":51,"type":"if","locations":[{"start":{"line":51,"column":8},"end":{"line":51,"column":8}},{"start":{"line":51,"column":8},"end":{"line":51,"column":8}}]}}},
"contracts\\contracts\\introspection\\ERC165Checker.sol":{"l":{"27":0,"39":0,"53":0,"56":0,"58":0,"59":0,"63":0,"77":0,"78":0,"82":0,"83":0,"84":0,"89":0,"106":0,"108":0,"124":0,"125":0,"126":0,"127":0},"path":"C:\\xampp\\htdocs\\sc\\semesterII\\ERC721Lottery\\contracts\\contracts\\introspection\\ERC165Checker.sol","s":{"1":0,"2":0,"3":0,"4":0,"5":0,"6":0,"7":0,"8":0,"9":0,"10":0,"11":0,"12":0,"13":0,"14":0,"15":0,"16":0,"17":0,"18":0,"19":0,"20":0},"b":{"1":[0,0],"2":[0,0],"3":[0,0],"4":[0,0]},"f":{"1":0,"2":0,"3":0,"4":0,"5":0,"6":0},"fnMap":{"1":{"name":"supportsERC165","line":24,"loc":{"start":{"line":24,"column":4},"end":{"line":29,"column":4}}},"2":{"name":"supportsInterface","line":37,"loc":{"start":{"line":37,"column":4},"end":{"line":41,"column":4}}},"3":{"name":"getSupportedInterfaces","line":51,"loc":{"start":{"line":51,"column":4},"end":{"line":64,"column":4}}},"4":{"name":"supportsAllInterfaces","line":75,"loc":{"start":{"line":75,"column":4},"end":{"line":90,"column":4}}},"5":{"name":"_supportsERC165Interface","line":103,"loc":{"start":{"line":103,"column":4},"end":{"line":109,"column":4}}},"6":{"name":"_callERC165SupportsInterface","line":119,"loc":{"start":{"line":119,"column":4},"end":{"line":128,"column":4}}}},"statementMap":{"1":{"start":{"line":27,"column":8},"end":{"line":27,"column":1068}},"2":{"start":{"line":39,"column":8},"end":{"line":39,"column":1604}},"3":{"start":{"line":53,"column":8},"end":{"line":53,"column":77}},"4":{"start":{"line":56,"column":8},"end":{"line":56,"column":2348}},"5":{"start":{"line":58,"column":12},"end":{"line":58,"column":2458}},"6":{"start":{"line":59,"column":16},"end":{"line":59,"column":92}},"7":{"start":{"line":63,"column":8},"end":{"line":63,"column":36}},"8":{"start":{"line":77,"column":8},"end":{"line":77,"column":3163}},"9":{"start":{"line":78,"column":12},"end":{"line":78,"column":24}},"10":{"start":{"line":82,"column":8},"end":{"line":82,"column":3300}},"11":{"start":{"line":83,"column":12},"end":{"line":83,"column":3368}},"12":{"start":{"line":84,"column":16},"end":{"line":84,"column":28}},"13":{"start":{"line":89,"column":8},"end":{"line":89,"column":19}},"14":{"start":{"line":106,"column":8},"end":{"line":106,"column":88}},"15":{"start":{"line":108,"column":8},"end":{"line":108,"column":34}},"16":{"start":{"line":124,"column":8},"end":{"line":124,"column":94}},"17":{"start":{"line":125,"column":8},"end":{"line":125,"column":93}},"18":{"start":{"line":126,"column":8},"end":{"line":126,"column":53}},"19":{"start":{"line":126,"column":32},"end":{"line":126,"column":53}},"20":{"start":{"line":127,"column":8},"end":{"line":127,"column":52}}},"branchMap":{"1":{"line":56,"type":"if","locations":[{"start":{"line":56,"column":8},"end":{"line":56,"column":8}},{"start":{"line":56,"column":8},"end":{"line":56,"column":8}}]},"2":{"line":77,"type":"if","locations":[{"start":{"line":77,"column":8},"end":{"line":77,"column":8}},{"start":{"line":77,"column":8},"end":{"line":77,"column":8}}]},"3":{"line":83,"type":"if","locations":[{"start":{"line":83,"column":12},"end":{"line":83,"column":12}},{"start":{"line":83,"column":12},"end":{"line":83,"column":12}}]},"4":{"line":126,"type":"if","locations":[{"start":{"line":126,"column":8},"end":{"line":126,"column":8}},{"start":{"line":126,"column":8},"end":{"line":126,"column":8}}]}}},
"contracts\\contracts\\introspection\\IERC165.sol":{"l":{},"path":"C:\\xampp\\htdocs\\sc\\semesterII\\ERC721Lottery\\contracts\\contracts\\introspection\\IERC165.sol","s":{},"b":{},"f":{},"fnMap":{},"statementMap":{},"branchMap":{}},
"contracts\\contracts\\math\\Math.sol":{"l":{"13":0,"20":0,"29":0},"path":"C:\\xampp\\htdocs\\sc\\semesterII\\ERC721Lottery\\contracts\\contracts\\math\\Math.sol","s":{"1":0,"2":0,"3":0},"b":{},"f":{"1":0,"2":0,"3":0},"fnMap":{"1":{"name":"max","line":12,"loc":{"start":{"line":12,"column":4},"end":{"line":14,"column":4}}},"2":{"name":"min","line":19,"loc":{"start":{"line":19,"column":4},"end":{"line":21,"column":4}}},"3":{"name":"average","line":27,"loc":{"start":{"line":27,"column":4},"end":{"line":30,"column":4}}}},"statementMap":{"1":{"start":{"line":13,"column":8},"end":{"line":13,"column":29}},"2":{"start":{"line":20,"column":8},"end":{"line":20,"column":28}},"3":{"start":{"line":29,"column":8},"end":{"line":29,"column":56}}},"branchMap":{}},
"contracts\\contracts\\math\\SafeMath.sol":{"l":{"23":0,"24":0,"25":0,"32":0,"33":0,"43":0,"44":0,"45":0,"46":0,"53":0,"54":0,"61":0,"62":0,"76":0,"77":0,"78":0,"92":0,"93":0,"107":0,"108":0,"109":0,"110":0,"126":0,"127":0,"143":0,"144":0,"161":0,"162":0,"181":0,"182":0,"201":0,"202":0},"path":"C:\\xampp\\htdocs\\sc\\semesterII\\ERC721Lottery\\contracts\\contracts\\math\\SafeMath.sol","s":{"1":0,"2":0,"3":0,"4":0,"5":0,"6":0,"7":0,"8":0,"9":0,"10":0,"11":0,"12":0,"13":0,"14":0,"15":0,"16":0,"17":0,"18":0,"19":0,"20":0,"21":0,"22":0,"23":0,"24":0,"25":0,"26":0,"27":0,"28":0,"29":0,"30":0,"31":0,"32":0,"33":0,"34":0,"35":0,"36":0,"37":0,"38":0,"39":0},"b":{"1":[0,0],"2":[0,0],"3":[0,0],"4":[0,0],"5":[0,0],"6":[0,0],"7":[0,0],"8":[0,0],"9":[0,0],"10":[0,0],"11":[0,0],"12":[0,0],"13":[0,0],"14":[0,0],"15":[0,0]},"f":{"1":0,"2":0,"3":0,"4":0,"5":0,"6":0,"7":0,"8":0,"9":0,"10":0,"11":0,"12":0,"13":0},"fnMap":{"1":{"name":"tryAdd","line":22,"loc":{"start":{"line":22,"column":4},"end":{"line":26,"column":4}}},"2":{"name":"trySub","line":31,"loc":{"start":{"line":31,"column":4},"end":{"line":34,"column":4}}},"3":{"name":"tryMul","line":39,"loc":{"start":{"line":39,"column":4},"end":{"line":47,"column":4}}},"4":{"name":"tryDiv","line":52,"loc":{"start":{"line":52,"column":4},"end":{"line":55,"column":4}}},"5":{"name":"tryMod","line":60,"loc":{"start":{"line":60,"column":4},"end":{"line":63,"column":4}}},"6":{"name":"add","line":75,"loc":{"start":{"line":75,"column":4},"end":{"line":79,"column":4}}},"7":{"name":"sub","line":91,"loc":{"start":{"line":91,"column":4},"end":{"line":94,"column":4}}},"8":{"name":"mul","line":106,"loc":{"start":{"line":106,"column":4},"end":{"line":111,"column":4}}},"9":{"name":"div","line":125,"loc":{"start":{"line":125,"column":4},"end":{"line":128,"column":4}}},"10":{"name":"mod","line":142,"loc":{"start":{"line":142,"column":4},"end":{"line":145,"column":4}}},"11":{"name":"sub","line":160,"loc":{"start":{"line":160,"column":4},"end":{"line":163,"column":4}}},"12":{"name":"div","line":180,"loc":{"start":{"line":180,"column":4},"end":{"line":183,"column":4}}},"13":{"name":"mod","line":200,"loc":{"start":{"line":200,"column":4},"end":{"line":203,"column":4}}}},"statementMap":{"1":{"start":{"line":23,"column":8},"end":{"line":23,"column":25}},"2":{"start":{"line":24,"column":8},"end":{"line":24,"column":36}},"3":{"start":{"line":24,"column":19},"end":{"line":24,"column":36}},"4":{"start":{"line":25,"column":8},"end":{"line":25,"column":24}},"5":{"start":{"line":32,"column":8},"end":{"line":32,"column":36}},"6":{"start":{"line":32,"column":19},"end":{"line":32,"column":36}},"7":{"start":{"line":33,"column":8},"end":{"line":33,"column":28}},"8":{"start":{"line":43,"column":8},"end":{"line":43,"column":36}},"9":{"start":{"line":43,"column":20},"end":{"line":43,"column":36}},"10":{"start":{"line":44,"column":8},"end":{"line":44,"column":25}},"11":{"start":{"line":45,"column":8},"end":{"line":45,"column":41}},"12":{"start":{"line":45,"column":24},"end":{"line":45,"column":41}},"13":{"start":{"line":46,"column":8},"end":{"line":46,"column":24}},"14":{"start":{"line":53,"column":8},"end":{"line":53,"column":37}},"15":{"start":{"line":53,"column":20},"end":{"line":53,"column":37}},"16":{"start":{"line":54,"column":8},"end":{"line":54,"column":28}},"17":{"start":{"line":61,"column":8},"end":{"line":61,"column":37}},"18":{"start":{"line":61,"column":20},"end":{"line":61,"column":37}},"19":{"start":{"line":62,"column":8},"end":{"line":62,"column":28}},"20":{"start":{"line":76,"column":8},"end":{"line":76,"column":25}},"21":{"start":{"line":77,"column":8},"end":{"line":77,"column":53}},"22":{"start":{"line":78,"column":8},"end":{"line":78,"column":16}},"23":{"start":{"line":92,"column":8},"end":{"line":92,"column":56}},"24":{"start":{"line":93,"column":8},"end":{"line":93,"column":20}},"25":{"start":{"line":107,"column":8},"end":{"line":107,"column":28}},"26":{"start":{"line":107,"column":20},"end":{"line":107,"column":28}},"27":{"start":{"line":108,"column":8},"end":{"line":108,"column":25}},"28":{"start":{"line":109,"column":8},"end":{"line":109,"column":63}},"29":{"start":{"line":110,"column":8},"end":{"line":110,"column":16}},"30":{"start":{"line":126,"column":8},"end":{"line":126,"column":51}},"31":{"start":{"line":127,"column":8},"end":{"line":127,"column":20}},"32":{"start":{"line":143,"column":8},"end":{"line":143,"column":49}},"33":{"start":{"line":144,"column":8},"end":{"line":144,"column":20}},"34":{"start":{"line":161,"column":8},"end":{"line":161,"column":36}},"35":{"start":{"line":162,"column":8},"end":{"line":162,"column":20}},"36":{"start":{"line":181,"column":8},"end":{"line":181,"column":35}},"37":{"start":{"line":182,"column":8},"end":{"line":182,"column":20}},"38":{"start":{"line":201,"column":8},"end":{"line":201,"column":35}},"39":{"start":{"line":202,"column":8},"end":{"line":202,"column":20}}},"branchMap":{"1":{"line":24,"type":"if","locations":[{"start":{"line":24,"column":8},"end":{"line":24,"column":8}},{"start":{"line":24,"column":8},"end":{"line":24,"column":8}}]},"2":{"line":32,"type":"if","locations":[{"start":{"line":32,"column":8},"end":{"line":32,"column":8}},{"start":{"line":32,"column":8},"end":{"line":32,"column":8}}]},"3":{"line":43,"type":"if","locations":[{"start":{"line":43,"column":8},"end":{"line":43,"column":8}},{"start":{"line":43,"column":8},"end":{"line":43,"column":8}}]},"4":{"line":45,"type":"if","locations":[{"start":{"line":45,"column":8},"end":{"line":45,"column":8}},{"start":{"line":45,"column":8},"end":{"line":45,"column":8}}]},"5":{"line":53,"type":"if","locations":[{"start":{"line":53,"column":8},"end":{"line":53,"column":8}},{"start":{"line":53,"column":8},"end":{"line":53,"column":8}}]},"6":{"line":61,"type":"if","locations":[{"start":{"line":61,"column":8},"end":{"line":61,"column":8}},{"start":{"line":61,"column":8},"end":{"line":61,"column":8}}]},"7":{"line":77,"type":"if","locations":[{"start":{"line":77,"column":8},"end":{"line":77,"column":8}},{"start":{"line":77,"column":8},"end":{"line":77,"column":8}}]},"8":{"line":92,"type":"if","locations":[{"start":{"line":92,"column":8},"end":{"line":92,"column":8}},{"start":{"line":92,"column":8},"end":{"line":92,"column":8}}]},"9":{"line":107,"type":"if","locations":[{"start":{"line":107,"column":8},"end":{"line":107,"column":8}},{"start":{"line":107,"column":8},"end":{"line":107,"column":8}}]},"10":{"line":109,"type":"if","locations":[{"start":{"line":109,"column":8},"end":{"line":109,"column":8}},{"start":{"line":109,"column":8},"end":{"line":109,"column":8}}]},"11":{"line":126,"type":"if","locations":[{"start":{"line":126,"column":8},"end":{"line":126,"column":8}},{"start":{"line":126,"column":8},"end":{"line":126,"column":8}}]},"12":{"line":143,"type":"if","locations":[{"start":{"line":143,"column":8},"end":{"line":143,"column":8}},{"start":{"line":143,"column":8},"end":{"line":143,"column":8}}]},"13":{"line":161,"type":"if","locations":[{"start":{"line":161,"column":8},"end":{"line":161,"column":8}},{"start":{"line":161,"column":8},"end":{"line":161,"column":8}}]},"14":{"line":181,"type":"if","locations":[{"start":{"line":181,"column":8},"end":{"line":181,"column":8}},{"start":{"line":181,"column":8},"end":{"line":181,"column":8}}]},"15":{"line":201,"type":"if","locations":[{"start":{"line":201,"column":8},"end":{"line":201,"column":8}},{"start":{"line":201,"column":8},"end":{"line":201,"column":8}}]}}},
"contracts\\contracts\\math\\SignedSafeMath.sol":{"l":{"26":0,"27":0,"30":0,"32":0,"33":0,"35":0,"51":0,"52":0,"54":0,"56":0,"70":0,"71":0,"73":0,"87":0,"88":0,"90":0},"path":"C:\\xampp\\htdocs\\sc\\semesterII\\ERC721Lottery\\contracts\\contracts\\math\\SignedSafeMath.sol","s":{"1":0,"2":0,"3":0,"4":0,"5":0,"6":0,"7":0,"8":0,"9":0,"10":0,"11":0,"12":0,"13":0,"14":0,"15":0,"16":0},"b":{"1":[0,0],"2":[0,0],"3":[0,0],"4":[0,0],"5":[0,0],"6":[0,0],"7":[0,0]},"f":{"1":0,"2":0,"3":0,"4":0},"fnMap":{"1":{"name":"mul","line":22,"loc":{"start":{"line":22,"column":4},"end":{"line":36,"column":4}}},"2":{"name":"div","line":50,"loc":{"start":{"line":50,"column":4},"end":{"line":57,"column":4}}},"3":{"name":"sub","line":69,"loc":{"start":{"line":69,"column":4},"end":{"line":74,"column":4}}},"4":{"name":"add","line":86,"loc":{"start":{"line":86,"column":4},"end":{"line":91,"column":4}}}},"statementMap":{"1":{"start":{"line":26,"column":8},"end":{"line":26,"column":792}},"2":{"start":{"line":27,"column":12},"end":{"line":27,"column":20}},"3":{"start":{"line":30,"column":8},"end":{"line":30,"column":89}},"4":{"start":{"line":32,"column":8},"end":{"line":32,"column":24}},"5":{"start":{"line":33,"column":8},"end":{"line":33,"column":69}},"6":{"start":{"line":35,"column":8},"end":{"line":35,"column":16}},"7":{"start":{"line":51,"column":8},"end":{"line":51,"column":58}},"8":{"start":{"line":52,"column":8},"end":{"line":52,"column":83}},"9":{"start":{"line":54,"column":8},"end":{"line":54,"column":24}},"10":{"start":{"line":56,"column":8},"end":{"line":56,"column":16}},"11":{"start":{"line":70,"column":8},"end":{"line":70,"column":24}},"12":{"start":{"line":71,"column":8},"end":{"line":71,"column":94}},"13":{"start":{"line":73,"column":8},"end":{"line":73,"column":16}},"14":{"start":{"line":87,"column":8},"end":{"line":87,"column":24}},"15":{"start":{"line":88,"column":8},"end":{"line":88,"column":91}},"16":{"start":{"line":90,"column":8},"end":{"line":90,"column":16}}},"branchMap":{"1":{"line":26,"type":"if","locations":[{"start":{"line":26,"column":8},"end":{"line":26,"column":8}},{"start":{"line":26,"column":8},"end":{"line":26,"column":8}}]},"2":{"line":30,"type":"if","locations":[{"start":{"line":30,"column":8},"end":{"line":30,"column":8}},{"start":{"line":30,"column":8},"end":{"line":30,"column":8}}]},"3":{"line":33,"type":"if","locations":[{"start":{"line":33,"column":8},"end":{"line":33,"column":8}},{"start":{"line":33,"column":8},"end":{"line":33,"column":8}}]},"4":{"line":51,"type":"if","locations":[{"start":{"line":51,"column":8},"end":{"line":51,"column":8}},{"start":{"line":51,"column":8},"end":{"line":51,"column":8}}]},"5":{"line":52,"type":"if","locations":[{"start":{"line":52,"column":8},"end":{"line":52,"column":8}},{"start":{"line":52,"column":8},"end":{"line":52,"column":8}}]},"6":{"line":71,"type":"if","locations":[{"start":{"line":71,"column":8},"end":{"line":71,"column":8}},{"start":{"line":71,"column":8},"end":{"line":71,"column":8}}]},"7":{"line":88,"type":"if","locations":[{"start":{"line":88,"column":8},"end":{"line":88,"column":8}},{"start":{"line":88,"column":8},"end":{"line":88,"column":8}}]}}},
"contracts\\contracts\\token\\ERC721\\ERC721.sol":{"l":{"94":3,"95":3,"98":3,"99":3,"100":3,"107":0,"108":0,"115":1,"122":0,"129":0,"136":0,"138":0,"139":0,"142":0,"143":0,"146":0,"147":0,"150":0,"159":0,"166":5,"174":1,"181":0,"182":0,"189":0,"190":0,"192":0,"196":0,"203":0,"205":0,"212":0,"214":0,"215":0,"222":0,"230":0,"232":0,"239":0,"246":0,"247":0,"269":0,"270":0,"282":5,"293":0,"294":0,"295":0,"309":5,"317":5,"318":5,"334":5,"335":5,"337":5,"339":5,"341":5,"343":5,"357":0,"359":0,"362":0,"365":0,"366":0,"369":0,"371":0,"373":0,"388":0,"389":0,"391":0,"394":0,"396":0,"397":0,"399":0,"401":0,"412":0,"413":0,"422":0,"438":5,"439":5,"441":0,"448":0,"449":0,"453":0,"454":0},"path":"C:\\xampp\\htdocs\\sc\\semesterII\\ERC721Lottery\\contracts\\contracts\\token\\ERC721\\ERC721.sol","s":{"1":3,"2":3,"3":3,"4":3,"5":3,"6":0,"7":0,"8":1,"9":0,"10":0,"11":0,"12":0,"13":0,"14":0,"15":0,"16":0,"17":0,"18":0,"19":0,"20":5,"21":1,"22":0,"23":0,"24":0,"25":0,"26":0,"27":0,"28":0,"29":0,"30":0,"31":0,"32":0,"33":0,"34":0,"35":0,"36":0,"37":0,"38":0,"39":0,"40":0,"41":5,"42":0,"43":0,"44":0,"45":5,"46":5,"47":5,"48":5,"49":5,"50":5,"51":5,"52":5,"53":5,"54":0,"55":0,"56":0,"57":0,"58":0,"59":0,"60":0,"61":0,"62":0,"63":0,"64":0,"65":0,"66":0,"67":0,"68":0,"69":0,"70":0,"71":0,"72":5,"73":5,"74":0,"75":0,"76":0,"77":0,"78":0},"b":{"1":[0,0],"2":[0,0],"3":[0,0],"4":[0,0],"5":[0,0],"6":[0,0],"7":[0,0],"8":[0,0],"9":[0,0],"10":[0,0],"11":[0,0],"12":[0,0],"13":[5,0],"14":[5,0],"15":[5,0],"16":[0,0],"17":[0,0],"18":[0,0],"19":[0,0],"20":[5,0]},"f":{"1":3,"2":0,"3":1,"4":0,"5":0,"6":0,"7":0,"8":5,"9":1,"10":0,"11":0,"12":0,"13":0,"14":0,"15":0,"16":0,"17":0,"18":0,"19":5,"20":0,"21":5,"22":5,"23":5,"24":0,"25":0,"26":0,"27":0,"28":5,"29":0,"30":5},"fnMap":{"1":{"name":"constructor","line":93,"loc":{"start":{"line":93,"column":4},"end":{"line":101,"column":4}}},"2":{"name":"balanceOf","line":106,"loc":{"start":{"line":106,"column":4},"end":{"line":109,"column":4}}},"3":{"name":"ownerOf","line":114,"loc":{"start":{"line":114,"column":4},"end":{"line":116,"column":4}}},"4":{"name":"name","line":121,"loc":{"start":{"line":121,"column":4},"end":{"line":123,"column":4}}},"5":{"name":"symbol","line":128,"loc":{"start":{"line":128,"column":4},"end":{"line":130,"column":4}}},"6":{"name":"tokenURI","line":135,"loc":{"start":{"line":135,"column":4},"end":{"line":151,"column":4}}},"7":{"name":"baseURI","line":158,"loc":{"start":{"line":158,"column":4},"end":{"line":160,"column":4}}},"8":{"name":"tokenOfOwnerByIndex","line":165,"loc":{"start":{"line":165,"column":4},"end":{"line":167,"column":4}}},"9":{"name":"totalSupply","line":172,"loc":{"start":{"line":172,"column":4},"end":{"line":175,"column":4}}},"10":{"name":"tokenByIndex","line":180,"loc":{"start":{"line":180,"column":4},"end":{"line":183,"column":4}}},"11":{"name":"approve","line":188,"loc":{"start":{"line":188,"column":4},"end":{"line":197,"column":4}}},"12":{"name":"getApproved","line":202,"loc":{"start":{"line":202,"column":4},"end":{"line":206,"column":4}}},"13":{"name":"setApprovalForAll","line":211,"loc":{"start":{"line":211,"column":4},"end":{"line":216,"column":4}}},"14":{"name":"isApprovedForAll","line":221,"loc":{"start":{"line":221,"column":4},"end":{"line":223,"column":4}}},"15":{"name":"transferFrom","line":228,"loc":{"start":{"line":228,"column":4},"end":{"line":233,"column":4}}},"16":{"name":"safeTransferFrom","line":238,"loc":{"start":{"line":238,"column":4},"end":{"line":240,"column":4}}},"17":{"name":"safeTransferFrom","line":245,"loc":{"start":{"line":245,"column":4},"end":{"line":248,"column":4}}},"18":{"name":"_safeTransfer","line":268,"loc":{"start":{"line":268,"column":4},"end":{"line":271,"column":4}}},"19":{"name":"_exists","line":281,"loc":{"start":{"line":281,"column":4},"end":{"line":283,"column":4}}},"20":{"name":"_isApprovedOrOwner","line":292,"loc":{"start":{"line":292,"column":4},"end":{"line":296,"column":4}}},"21":{"name":"_safeMint","line":308,"loc":{"start":{"line":308,"column":4},"end":{"line":310,"column":4}}},"22":{"name":"_safeMint","line":316,"loc":{"start":{"line":316,"column":4},"end":{"line":319,"column":4}}},"23":{"name":"_mint","line":333,"loc":{"start":{"line":333,"column":4},"end":{"line":344,"column":4}}},"24":{"name":"_burn","line":356,"loc":{"start":{"line":356,"column":4},"end":{"line":374,"column":4}}},"25":{"name":"_transfer","line":387,"loc":{"start":{"line":387,"column":4},"end":{"line":402,"column":4}}},"26":{"name":"_setTokenURI","line":411,"loc":{"start":{"line":411,"column":4},"end":{"line":414,"column":4}}},"27":{"name":"_setBaseURI","line":421,"loc":{"start":{"line":421,"column":4},"end":{"line":423,"column":4}}},"28":{"name":"_checkOnERC721Received","line":435,"loc":{"start":{"line":435,"column":4},"end":{"line":450,"column":4}}},"29":{"name":"_approve","line":452,"loc":{"start":{"line":452,"column":4},"end":{"line":455,"column":4}}},"30":{"name":"_beforeTokenTransfer","line":472,"loc":{"start":{"line":472,"column":4},"end":{"line":472,"column":96}}}},"statementMap":{"1":{"start":{"line":94,"column":8},"end":{"line":94,"column":20}},"2":{"start":{"line":95,"column":8},"end":{"line":95,"column":24}},"3":{"start":{"line":98,"column":8},"end":{"line":98,"column":47}},"4":{"start":{"line":99,"column":8},"end":{"line":99,"column":56}},"5":{"start":{"line":100,"column":8},"end":{"line":100,"column":58}},"6":{"start":{"line":107,"column":8},"end":{"line":107,"column":81}},"7":{"start":{"line":108,"column":8},"end":{"line":108,"column":44}},"8":{"start":{"line":115,"column":8},"end":{"line":115,"column":85}},"9":{"start":{"line":122,"column":8},"end":{"line":122,"column":20}},"10":{"start":{"line":129,"column":8},"end":{"line":129,"column":22}},"11":{"start":{"line":136,"column":8},"end":{"line":136,"column":83}},"12":{"start":{"line":138,"column":8},"end":{"line":138,"column":53}},"13":{"start":{"line":139,"column":8},"end":{"line":139,"column":38}},"14":{"start":{"line":142,"column":8},"end":{"line":142,"column":5195}},"15":{"start":{"line":143,"column":12},"end":{"line":143,"column":28}},"16":{"start":{"line":146,"column":8},"end":{"line":146,"column":5363}},"17":{"start":{"line":147,"column":12},"end":{"line":147,"column":60}},"18":{"start":{"line":150,"column":8},"end":{"line":150,"column":65}},"19":{"start":{"line":159,"column":8},"end":{"line":159,"column":23}},"20":{"start":{"line":166,"column":8},"end":{"line":166,"column":45}},"21":{"start":{"line":174,"column":8},"end":{"line":174,"column":36}},"22":{"start":{"line":181,"column":8},"end":{"line":181,"column":52}},"23":{"start":{"line":182,"column":8},"end":{"line":182,"column":22}},"24":{"start":{"line":189,"column":8},"end":{"line":189,"column":47}},"25":{"start":{"line":190,"column":8},"end":{"line":190,"column":64}},"26":{"start":{"line":192,"column":8},"end":{"line":192,"column":6972}},"27":{"start":{"line":196,"column":8},"end":{"line":196,"column":28}},"28":{"start":{"line":203,"column":8},"end":{"line":203,"column":80}},"29":{"start":{"line":205,"column":8},"end":{"line":205,"column":39}},"30":{"start":{"line":212,"column":8},"end":{"line":212,"column":69}},"31":{"start":{"line":214,"column":8},"end":{"line":214,"column":60}},"32":{"start":{"line":215,"column":8},"end":{"line":215,"column":61}},"33":{"start":{"line":222,"column":8},"end":{"line":222,"column":50}},"34":{"start":{"line":230,"column":8},"end":{"line":230,"column":110}},"35":{"start":{"line":232,"column":8},"end":{"line":232,"column":35}},"36":{"start":{"line":239,"column":8},"end":{"line":239,"column":46}},"37":{"start":{"line":246,"column":8},"end":{"line":246,"column":110}},"38":{"start":{"line":247,"column":8},"end":{"line":247,"column":46}},"39":{"start":{"line":269,"column":8},"end":{"line":269,"column":35}},"40":{"start":{"line":270,"column":8},"end":{"line":270,"column":118}},"41":{"start":{"line":282,"column":8},"end":{"line":282,"column":45}},"42":{"start":{"line":293,"column":8},"end":{"line":293,"column":80}},"43":{"start":{"line":294,"column":8},"end":{"line":294,"column":47}},"44":{"start":{"line":295,"column":8},"end":{"line":295,"column":111}},"45":{"start":{"line":309,"column":8},"end":{"line":309,"column":33}},"46":{"start":{"line":317,"column":8},"end":{"line":317,"column":25}},"47":{"start":{"line":318,"column":8},"end":{"line":318,"column":124}},"48":{"start":{"line":334,"column":8},"end":{"line":334,"column":68}},"49":{"start":{"line":335,"column":8},"end":{"line":335,"column":65}},"50":{"start":{"line":337,"column":8},"end":{"line":337,"column":52}},"51":{"start":{"line":339,"column":8},"end":{"line":339,"column":37}},"52":{"start":{"line":341,"column":8},"end":{"line":341,"column":36}},"53":{"start":{"line":343,"column":8},"end":{"line":343,"column":46}},"54":{"start":{"line":357,"column":8},"end":{"line":357,"column":47}},"55":{"start":{"line":359,"column":8},"end":{"line":359,"column":55}},"56":{"start":{"line":362,"column":8},"end":{"line":362,"column":36}},"57":{"start":{"line":365,"column":8},"end":{"line":365,"column":13153}},"58":{"start":{"line":369,"column":8},"end":{"line":369,"column":43}},"59":{"start":{"line":371,"column":8},"end":{"line":371,"column":35}},"60":{"start":{"line":373,"column":8},"end":{"line":373,"column":49}},"61":{"start":{"line":388,"column":8},"end":{"line":388,"column":92}},"62":{"start":{"line":389,"column":8},"end":{"line":389,"column":72}},"63":{"start":{"line":391,"column":8},"end":{"line":391,"column":46}},"64":{"start":{"line":394,"column":8},"end":{"line":394,"column":36}},"65":{"start":{"line":396,"column":8},"end":{"line":396,"column":42}},"66":{"start":{"line":397,"column":8},"end":{"line":397,"column":37}},"67":{"start":{"line":399,"column":8},"end":{"line":399,"column":36}},"68":{"start":{"line":401,"column":8},"end":{"line":401,"column":40}},"69":{"start":{"line":412,"column":8},"end":{"line":412,"column":80}},"70":{"start":{"line":413,"column":8},"end":{"line":413,"column":38}},"71":{"start":{"line":422,"column":8},"end":{"line":422,"column":26}},"72":{"start":{"line":438,"column":8},"end":{"line":438,"column":15673}},"73":{"start":{"line":439,"column":12},"end":{"line":439,"column":23}},"74":{"start":{"line":441,"column":8},"end":{"line":441,"column":15796}},"75":{"start":{"line":448,"column":8},"end":{"line":448,"column":56}},"76":{"start":{"line":449,"column":8},"end":{"line":449,"column":43}},"77":{"start":{"line":453,"column":8},"end":{"line":453,"column":36}},"78":{"start":{"line":454,"column":8},"end":{"line":454,"column":59}}},"branchMap":{"1":{"line":107,"type":"if","locations":[{"start":{"line":107,"column":8},"end":{"line":107,"column":8}},{"start":{"line":107,"column":8},"end":{"line":107,"column":8}}]},"2":{"line":136,"type":"if","locations":[{"start":{"line":136,"column":8},"end":{"line":136,"column":8}},{"start":{"line":136,"column":8},"end":{"line":136,"column":8}}]},"3":{"line":142,"type":"if","locations":[{"start":{"line":142,"column":8},"end":{"line":142,"column":8}},{"start":{"line":142,"column":8},"end":{"line":142,"column":8}}]},"4":{"line":146,"type":"if","locations":[{"start":{"line":146,"column":8},"end":{"line":146,"column":8}},{"start":{"line":146,"column":8},"end":{"line":146,"column":8}}]},"5":{"line":190,"type":"if","locations":[{"start":{"line":190,"column":8},"end":{"line":190,"column":8}},{"start":{"line":190,"column":8},"end":{"line":190,"column":8}}]},"6":{"line":192,"type":"if","locations":[{"start":{"line":192,"column":8},"end":{"line":192,"column":8}},{"start":{"line":192,"column":8},"end":{"line":192,"column":8}}]},"7":{"line":203,"type":"if","locations":[{"start":{"line":203,"column":8},"end":{"line":203,"column":8}},{"start":{"line":203,"column":8},"end":{"line":203,"column":8}}]},"8":{"line":212,"type":"if","locations":[{"start":{"line":212,"column":8},"end":{"line":212,"column":8}},{"start":{"line":212,"column":8},"end":{"line":212,"column":8}}]},"9":{"line":230,"type":"if","locations":[{"start":{"line":230,"column":8},"end":{"line":230,"column":8}},{"start":{"line":230,"column":8},"end":{"line":230,"column":8}}]},"10":{"line":246,"type":"if","locations":[{"start":{"line":246,"column":8},"end":{"line":246,"column":8}},{"start":{"line":246,"column":8},"end":{"line":246,"column":8}}]},"11":{"line":270,"type":"if","locations":[{"start":{"line":270,"column":8},"end":{"line":270,"column":8}},{"start":{"line":270,"column":8},"end":{"line":270,"column":8}}]},"12":{"line":293,"type":"if","locations":[{"start":{"line":293,"column":8},"end":{"line":293,"column":8}},{"start":{"line":293,"column":8},"end":{"line":293,"column":8}}]},"13":{"line":318,"type":"if","locations":[{"start":{"line":318,"column":8},"end":{"line":318,"column":8}},{"start":{"line":318,"column":8},"end":{"line":318,"column":8}}]},"14":{"line":334,"type":"if","locations":[{"start":{"line":334,"column":8},"end":{"line":334,"column":8}},{"start":{"line":334,"column":8},"end":{"line":334,"column":8}}]},"15":{"line":335,"type":"if","locations":[{"start":{"line":335,"column":8},"end":{"line":335,"column":8}},{"start":{"line":335,"column":8},"end":{"line":335,"column":8}}]},"16":{"line":365,"type":"if","locations":[{"start":{"line":365,"column":8},"end":{"line":365,"column":8}},{"start":{"line":365,"column":8},"end":{"line":365,"column":8}}]},"17":{"line":388,"type":"if","locations":[{"start":{"line":388,"column":8},"end":{"line":388,"column":8}},{"start":{"line":388,"column":8},"end":{"line":388,"column":8}}]},"18":{"line":389,"type":"if","locations":[{"start":{"line":389,"column":8},"end":{"line":389,"column":8}},{"start":{"line":389,"column":8},"end":{"line":389,"column":8}}]},"19":{"line":412,"type":"if","locations":[{"start":{"line":412,"column":8},"end":{"line":412,"column":8}},{"start":{"line":412,"column":8},"end":{"line":412,"column":8}}]},"20":{"line":438,"type":"if","locations":[{"start":{"line":438,"column":8},"end":{"line":438,"column":8}},{"start":{"line":438,"column":8},"end":{"line":438,"column":8}}]}}},
"contracts\\contracts\\token\\ERC721\\ERC721Burnable.sol":{"l":{"22":0,"23":0},"path":"C:\\xampp\\htdocs\\sc\\semesterII\\ERC721Lottery\\contracts\\contracts\\token\\ERC721\\ERC721Burnable.sol","s":{"1":0,"2":0},"b":{"1":[0,0]},"f":{"1":0},"fnMap":{"1":{"name":"burn","line":20,"loc":{"start":{"line":20,"column":4},"end":{"line":24,"column":4}}}},"statementMap":{"1":{"start":{"line":22,"column":8},"end":{"line":22,"column":109}},"2":{"start":{"line":23,"column":8},"end":{"line":23,"column":21}}},"branchMap":{"1":{"line":22,"type":"if","locations":[{"start":{"line":22,"column":8},"end":{"line":22,"column":8}},{"start":{"line":22,"column":8},"end":{"line":22,"column":8}}]}}},
"contracts\\contracts\\token\\ERC721\\ERC721Holder.sol":{"l":{"21":0},"path":"C:\\xampp\\htdocs\\sc\\semesterII\\ERC721Lottery\\contracts\\contracts\\token\\ERC721\\ERC721Holder.sol","s":{"1":0},"b":{},"f":{"1":0},"fnMap":{"1":{"name":"onERC721Received","line":20,"loc":{"start":{"line":20,"column":4},"end":{"line":22,"column":4}}}},"statementMap":{"1":{"start":{"line":21,"column":8},"end":{"line":21,"column":45}}},"branchMap":{}},
"contracts\\contracts\\token\\ERC721\\ERC721Pausable.sol":{"l":{"24":0,"26":0},"path":"C:\\xampp\\htdocs\\sc\\semesterII\\ERC721Lottery\\contracts\\contracts\\token\\ERC721\\ERC721Pausable.sol","s":{"1":0,"2":0},"b":{"1":[0,0]},"f":{"1":0},"fnMap":{"1":{"name":"_beforeTokenTransfer","line":23,"loc":{"start":{"line":23,"column":4},"end":{"line":27,"column":4}}}},"statementMap":{"1":{"start":{"line":24,"column":8},"end":{"line":24,"column":52}},"2":{"start":{"line":26,"column":8},"end":{"line":26,"column":72}}},"branchMap":{"1":{"line":26,"type":"if","locations":[{"start":{"line":26,"column":8},"end":{"line":26,"column":8}},{"start":{"line":26,"column":8},"end":{"line":26,"column":8}}]}}},
"contracts\\contracts\\token\\ERC721\\IERC721.sol":{"l":{},"path":"C:\\xampp\\htdocs\\sc\\semesterII\\ERC721Lottery\\contracts\\contracts\\token\\ERC721\\IERC721.sol","s":{},"b":{},"f":{},"fnMap":{},"statementMap":{},"branchMap":{}},
"contracts\\contracts\\token\\ERC721\\IERC721Enumerable.sol":{"l":{},"path":"C:\\xampp\\htdocs\\sc\\semesterII\\ERC721Lottery\\contracts\\contracts\\token\\ERC721\\IERC721Enumerable.sol","s":{},"b":{},"f":{},"fnMap":{},"statementMap":{},"branchMap":{}},
"contracts\\contracts\\token\\ERC721\\IERC721Metadata.sol":{"l":{},"path":"C:\\xampp\\htdocs\\sc\\semesterII\\ERC721Lottery\\contracts\\contracts\\token\\ERC721\\IERC721Metadata.sol","s":{},"b":{},"f":{},"fnMap":{},"statementMap":{},"branchMap":{}},
"contracts\\contracts\\token\\ERC721\\IERC721Receiver.sol":{"l":{},"path":"C:\\xampp\\htdocs\\sc\\semesterII\\ERC721Lottery\\contracts\\contracts\\token\\ERC721\\IERC721Receiver.sol","s":{},"b":{},"f":{},"fnMap":{},"statementMap":{},"branchMap":{}},
"contracts\\contracts\\utils\\Address.sol":{"l":{"31":5,"33":5,"34":5,"54":0,"57":0,"58":0,"80":0,"90":0,"105":0,"115":0,"116":0,"119":0,"120":0,"130":0,"140":0,"143":0,"144":0,"154":0,"164":0,"167":0,"168":0,"172":0,"173":0,"176":0,"180":0,"185":0},"path":"C:\\xampp\\htdocs\\sc\\semesterII\\ERC721Lottery\\contracts\\contracts\\utils\\Address.sol","s":{"1":5,"2":5,"3":0,"4":0,"5":0,"6":0,"7":0,"8":0,"9":0,"10":0,"11":0,"12":0,"13":0,"14":0,"15":0,"16":0,"17":0,"18":0,"19":0,"20":0,"21":0,"22":0,"23":0,"24":0},"b":{"1":[0,0],"2":[0,0],"3":[0,0],"4":[0,0],"5":[0,0],"6":[0,0],"7":[0,0],"8":[0,0]},"f":{"1":5,"2":0,"3":0,"4":0,"5":0,"6":0,"7":0,"8":0,"9":0,"10":0,"11":0},"fnMap":{"1":{"name":"isContract","line":26,"loc":{"start":{"line":26,"column":4},"end":{"line":35,"column":4}}},"2":{"name":"sendValue","line":53,"loc":{"start":{"line":53,"column":4},"end":{"line":59,"column":4}}},"3":{"name":"functionCall","line":79,"loc":{"start":{"line":79,"column":4},"end":{"line":81,"column":4}}},"4":{"name":"functionCall","line":89,"loc":{"start":{"line":89,"column":4},"end":{"line":91,"column":4}}},"5":{"name":"functionCallWithValue","line":104,"loc":{"start":{"line":104,"column":4},"end":{"line":106,"column":4}}},"6":{"name":"functionCallWithValue","line":114,"loc":{"start":{"line":114,"column":4},"end":{"line":121,"column":4}}},"7":{"name":"functionStaticCall","line":129,"loc":{"start":{"line":129,"column":4},"end":{"line":131,"column":4}}},"8":{"name":"functionStaticCall","line":139,"loc":{"start":{"line":139,"column":4},"end":{"line":145,"column":4}}},"9":{"name":"functionDelegateCall","line":153,"loc":{"start":{"line":153,"column":4},"end":{"line":155,"column":4}}},"10":{"name":"functionDelegateCall","line":163,"loc":{"start":{"line":163,"column":4},"end":{"line":169,"column":4}}},"11":{"name":"_verifyCallResult","line":171,"loc":{"start":{"line":171,"column":4},"end":{"line":188,"column":4}}}},"statementMap":{"1":{"start":{"line":31,"column":8},"end":{"line":31,"column":20}},"2":{"start":{"line":34,"column":8},"end":{"line":34,"column":23}},"3":{"start":{"line":54,"column":8},"end":{"line":54,"column":80}},"4":{"start":{"line":57,"column":8},"end":{"line":57,"column":62}},"5":{"start":{"line":58,"column":8},"end":{"line":58,"column":85}},"6":{"start":{"line":80,"column":6},"end":{"line":80,"column":73}},"7":{"start":{"line":90,"column":8},"end":{"line":90,"column":67}},"8":{"start":{"line":105,"column":8},"end":{"line":105,"column":102}},"9":{"start":{"line":115,"column":8},"end":{"line":115,"column":88}},"10":{"start":{"line":116,"column":8},"end":{"line":116,"column":67}},"11":{"start":{"line":119,"column":8},"end":{"line":119,"column":83}},"12":{"start":{"line":120,"column":8},"end":{"line":120,"column":67}},"13":{"start":{"line":130,"column":8},"end":{"line":130,"column":88}},"14":{"start":{"line":140,"column":8},"end":{"line":140,"column":74}},"15":{"start":{"line":143,"column":8},"end":{"line":143,"column":73}},"16":{"start":{"line":144,"column":8},"end":{"line":144,"column":67}},"17":{"start":{"line":154,"column":8},"end":{"line":154,"column":92}},"18":{"start":{"line":164,"column":8},"end":{"line":164,"column":76}},"19":{"start":{"line":167,"column":8},"end":{"line":167,"column":75}},"20":{"start":{"line":168,"column":8},"end":{"line":168,"column":67}},"21":{"start":{"line":172,"column":8},"end":{"line":172,"column":7239}},"22":{"start":{"line":173,"column":12},"end":{"line":173,"column":29}},"23":{"start":{"line":176,"column":12},"end":{"line":176,"column":7384}},"24":{"start":{"line":185,"column":16},"end":{"line":185,"column":35}}},"branchMap":{"1":{"line":54,"type":"if","locations":[{"start":{"line":54,"column":8},"end":{"line":54,"column":8}},{"start":{"line":54,"column":8},"end":{"line":54,"column":8}}]},"2":{"line":58,"type":"if","locations":[{"start":{"line":58,"column":8},"end":{"line":58,"column":8}},{"start":{"line":58,"column":8},"end":{"line":58,"column":8}}]},"3":{"line":115,"type":"if","locations":[{"start":{"line":115,"column":8},"end":{"line":115,"column":8}},{"start":{"line":115,"column":8},"end":{"line":115,"column":8}}]},"4":{"line":116,"type":"if","locations":[{"start":{"line":116,"column":8},"end":{"line":116,"column":8}},{"start":{"line":116,"column":8},"end":{"line":116,"column":8}}]},"5":{"line":140,"type":"if","locations":[{"start":{"line":140,"column":8},"end":{"line":140,"column":8}},{"start":{"line":140,"column":8},"end":{"line":140,"column":8}}]},"6":{"line":164,"type":"if","locations":[{"start":{"line":164,"column":8},"end":{"line":164,"column":8}},{"start":{"line":164,"column":8},"end":{"line":164,"column":8}}]},"7":{"line":172,"type":"if","locations":[{"start":{"line":172,"column":8},"end":{"line":172,"column":8}},{"start":{"line":172,"column":8},"end":{"line":172,"column":8}}]},"8":{"line":176,"type":"if","locations":[{"start":{"line":176,"column":12},"end":{"line":176,"column":12}},{"start":{"line":176,"column":12},"end":{"line":176,"column":12}}]}}},
"contracts\\contracts\\utils\\Arrays.sol":{"l":{"21":0,"22":0,"25":0,"26":0,"28":0,"29":0,"33":0,"34":0,"36":0,"41":0,"42":0,"44":0},"path":"C:\\xampp\\htdocs\\sc\\semesterII\\ERC721Lottery\\contracts\\contracts\\utils\\Arrays.sol","s":{"1":0,"2":0,"3":0,"4":0,"5":0,"6":0,"7":0,"8":0,"9":0,"10":0,"11":0,"12":0},"b":{"1":[0,0],"2":[0,0],"3":[0,0]},"f":{"1":0},"fnMap":{"1":{"name":"findUpperBound","line":20,"loc":{"start":{"line":20,"column":4},"end":{"line":46,"column":4}}}},"statementMap":{"1":{"start":{"line":21,"column":8},"end":{"line":21,"column":707}},"2":{"start":{"line":22,"column":12},"end":{"line":22,"column":20}},"3":{"start":{"line":25,"column":8},"end":{"line":25,"column":23}},"4":{"start":{"line":26,"column":8},"end":{"line":26,"column":35}},"5":{"start":{"line":28,"column":8},"end":{"line":28,"column":836}},"6":{"start":{"line":29,"column":12},"end":{"line":29,"column":49}},"7":{"start":{"line":33,"column":12},"end":{"line":33,"column":1123}},"8":{"start":{"line":34,"column":16},"end":{"line":34,"column":25}},"9":{"start":{"line":36,"column":16},"end":{"line":36,"column":28}},"10":{"start":{"line":41,"column":8},"end":{"line":41,"column":1363}},"11":{"start":{"line":42,"column":12},"end":{"line":42,"column":26}},"12":{"start":{"line":44,"column":12},"end":{"line":44,"column":22}}},"branchMap":{"1":{"line":21,"type":"if","locations":[{"start":{"line":21,"column":8},"end":{"line":21,"column":8}},{"start":{"line":21,"column":8},"end":{"line":21,"column":8}}]},"2":{"line":33,"type":"if","locations":[{"start":{"line":33,"column":12},"end":{"line":33,"column":12}},{"start":{"line":33,"column":12},"end":{"line":33,"column":12}}]},"3":{"line":41,"type":"if","locations":[{"start":{"line":41,"column":8},"end":{"line":41,"column":8}},{"start":{"line":41,"column":8},"end":{"line":41,"column":8}}]}}},
"contracts\\contracts\\utils\\Context.sol":{"l":{"17":0,"21":0,"22":0},"path":"C:\\xampp\\htdocs\\sc\\semesterII\\ERC721Lottery\\contracts\\contracts\\utils\\Context.sol","s":{"1":0,"2":0},"b":{},"f":{"1":0,"2":0},"fnMap":{"1":{"name":"_msgSender","line":16,"loc":{"start":{"line":16,"column":4},"end":{"line":18,"column":4}}},"2":{"name":"_msgData","line":20,"loc":{"start":{"line":20,"column":4},"end":{"line":23,"column":4}}}},"statementMap":{"1":{"start":{"line":17,"column":8},"end":{"line":17,"column":25}},"2":{"start":{"line":22,"column":8},"end":{"line":22,"column":23}}},"branchMap":{}},
"contracts\\contracts\\utils\\Counters.sol":{"l":{"29":0,"34":0,"38":0},"path":"C:\\xampp\\htdocs\\sc\\semesterII\\ERC721Lottery\\contracts\\contracts\\utils\\Counters.sol","s":{"1":0,"2":0,"3":0},"b":{},"f":{"1":0,"2":0,"3":0},"fnMap":{"1":{"name":"current","line":28,"loc":{"start":{"line":28,"column":4},"end":{"line":30,"column":4}}},"2":{"name":"increment","line":32,"loc":{"start":{"line":32,"column":4},"end":{"line":35,"column":4}}},"3":{"name":"decrement","line":37,"loc":{"start":{"line":37,"column":4},"end":{"line":39,"column":4}}}},"statementMap":{"1":{"start":{"line":29,"column":8},"end":{"line":29,"column":29}},"2":{"start":{"line":34,"column":8},"end":{"line":34,"column":26}},"3":{"start":{"line":38,"column":8},"end":{"line":38,"column":45}}},"branchMap":{}},
"contracts\\contracts\\utils\\Create2.sol":{"l":{"30":0,"31":0,"32":0,"34":0,"37":0,"38":0,"46":0,"54":0,"57":0},"path":"C:\\xampp\\htdocs\\sc\\semesterII\\ERC721Lottery\\contracts\\contracts\\utils\\Create2.sol","s":{"1":0,"2":0,"3":0,"4":0,"5":0,"6":0,"7":0,"8":0},"b":{"1":[0,0],"2":[0,0],"3":[0,0]},"f":{"1":0,"2":0,"3":0},"fnMap":{"1":{"name":"deploy","line":29,"loc":{"start":{"line":29,"column":4},"end":{"line":39,"column":4}}},"2":{"name":"computeAddress","line":45,"loc":{"start":{"line":45,"column":4},"end":{"line":47,"column":4}}},"3":{"name":"computeAddress","line":53,"loc":{"start":{"line":53,"column":4},"end":{"line":58,"column":4}}}},"statementMap":{"1":{"start":{"line":30,"column":8},"end":{"line":30,"column":20}},"2":{"start":{"line":31,"column":8},"end":{"line":31,"column":80}},"3":{"start":{"line":32,"column":8},"end":{"line":32,"column":72}},"4":{"start":{"line":37,"column":8},"end":{"line":37,"column":63}},"5":{"start":{"line":38,"column":8},"end":{"line":38,"column":19}},"6":{"start":{"line":46,"column":8},"end":{"line":46,"column":64}},"7":{"start":{"line":54,"column":8},"end":{"line":54,"column":2298}},"8":{"start":{"line":57,"column":8},"end":{"line":57,"column":47}}},"branchMap":{"1":{"line":31,"type":"if","locations":[{"start":{"line":31,"column":8},"end":{"line":31,"column":8}},{"start":{"line":31,"column":8},"end":{"line":31,"column":8}}]},"2":{"line":32,"type":"if","locations":[{"start":{"line":32,"column":8},"end":{"line":32,"column":8}},{"start":{"line":32,"column":8},"end":{"line":32,"column":8}}]},"3":{"line":37,"type":"if","locations":[{"start":{"line":37,"column":8},"end":{"line":37,"column":8}},{"start":{"line":37,"column":8},"end":{"line":37,"column":8}}]}}},
"contracts\\contracts\\utils\\EnumerableMap.sol":{"l":{"62":5,"64":5,"65":5,"68":5,"69":5,"71":0,"72":0,"83":0,"85":0,"90":0,"91":0,"96":0,"99":0,"101":0,"104":0,"107":0,"109":0,"111":0,"119":5,"126":1,"140":0,"142":0,"143":0,"151":0,"152":0,"153":0,"164":0,"165":0,"166":0,"176":1,"177":1,"178":1,"195":5,"204":0,"211":5,"218":1,"231":0,"232":0,"240":0,"241":0,"252":0,"262":1},"path":"C:\\xampp\\htdocs\\sc\\semesterII\\ERC721Lottery\\contracts\\contracts\\utils\\EnumerableMap.sol","s":{"1":5,"2":5,"3":5,"4":5,"5":5,"6":0,"7":0,"8":0,"9":0,"10":0,"11":0,"12":0,"13":0,"14":0,"15":0,"16":0,"17":0,"18":5,"19":1,"20":0,"21":0,"22":0,"23":0,"24":0,"25":0,"26":0,"27":0,"28":0,"29":0,"30":1,"31":1,"32":1,"33":5,"34":0,"35":5,"36":1,"37":0,"38":0,"39":0,"40":0,"41":0,"42":1},"b":{"1":[5,0],"2":[0,0],"3":[0,0],"4":[0,0],"5":[0,0],"6":[1,0]},"f":{"1":5,"2":0,"3":5,"4":1,"5":0,"6":0,"7":0,"8":1,"9":5,"10":0,"11":5,"12":1,"13":0,"14":0,"15":0,"16":1},"fnMap":{"1":{"name":"_set","line":60,"loc":{"start":{"line":60,"column":4},"end":{"line":74,"column":4}}},"2":{"name":"_remove","line":81,"loc":{"start":{"line":81,"column":4},"end":{"line":113,"column":4}}},"3":{"name":"_contains","line":118,"loc":{"start":{"line":118,"column":4},"end":{"line":120,"column":4}}},"4":{"name":"_length","line":125,"loc":{"start":{"line":125,"column":4},"end":{"line":127,"column":4}}},"5":{"name":"_at","line":139,"loc":{"start":{"line":139,"column":4},"end":{"line":144,"column":4}}},"6":{"name":"_tryGet","line":150,"loc":{"start":{"line":150,"column":4},"end":{"line":154,"column":4}}},"7":{"name":"_get","line":163,"loc":{"start":{"line":163,"column":4},"end":{"line":167,"column":4}}},"8":{"name":"_get","line":175,"loc":{"start":{"line":175,"column":4},"end":{"line":179,"column":4}}},"9":{"name":"set","line":194,"loc":{"start":{"line":194,"column":4},"end":{"line":196,"column":4}}},"10":{"name":"remove","line":203,"loc":{"start":{"line":203,"column":4},"end":{"line":205,"column":4}}},"11":{"name":"contains","line":210,"loc":{"start":{"line":210,"column":4},"end":{"line":212,"column":4}}},"12":{"name":"length","line":217,"loc":{"start":{"line":217,"column":4},"end":{"line":219,"column":4}}},"13":{"name":"at","line":230,"loc":{"start":{"line":230,"column":4},"end":{"line":233,"column":4}}},"14":{"name":"tryGet","line":239,"loc":{"start":{"line":239,"column":4},"end":{"line":242,"column":4}}},"15":{"name":"get","line":251,"loc":{"start":{"line":251,"column":4},"end":{"line":253,"column":4}}},"16":{"name":"get","line":261,"loc":{"start":{"line":261,"column":4},"end":{"line":263,"column":4}}}},"statementMap":{"1":{"start":{"line":62,"column":8},"end":{"line":62,"column":44}},"2":{"start":{"line":64,"column":8},"end":{"line":64,"column":2082}},"3":{"start":{"line":65,"column":12},"end":{"line":65,"column":68}},"4":{"start":{"line":68,"column":12},"end":{"line":68,"column":50}},"5":{"start":{"line":69,"column":12},"end":{"line":69,"column":23}},"6":{"start":{"line":71,"column":12},"end":{"line":71,"column":52}},"7":{"start":{"line":72,"column":12},"end":{"line":72,"column":24}},"8":{"start":{"line":83,"column":8},"end":{"line":83,"column":44}},"9":{"start":{"line":85,"column":8},"end":{"line":85,"column":2916}},"10":{"start":{"line":90,"column":12},"end":{"line":90,"column":48}},"11":{"start":{"line":91,"column":12},"end":{"line":91,"column":55}},"12":{"start":{"line":96,"column":12},"end":{"line":96,"column":64}},"13":{"start":{"line":99,"column":12},"end":{"line":99,"column":50}},"14":{"start":{"line":101,"column":12},"end":{"line":101,"column":59}},"15":{"start":{"line":104,"column":12},"end":{"line":104,"column":29}},"16":{"start":{"line":109,"column":12},"end":{"line":109,"column":23}},"17":{"start":{"line":111,"column":12},"end":{"line":111,"column":24}},"18":{"start":{"line":119,"column":8},"end":{"line":119,"column":37}},"19":{"start":{"line":126,"column":8},"end":{"line":126,"column":34}},"20":{"start":{"line":140,"column":8},"end":{"line":140,"column":81}},"21":{"start":{"line":142,"column":8},"end":{"line":142,"column":52}},"22":{"start":{"line":143,"column":8},"end":{"line":143,"column":41}},"23":{"start":{"line":151,"column":8},"end":{"line":151,"column":44}},"24":{"start":{"line":152,"column":8},"end":{"line":152,"column":44}},"25":{"start":{"line":152,"column":27},"end":{"line":152,"column":44}},"26":{"start":{"line":153,"column":8},"end":{"line":153,"column":56}},"27":{"start":{"line":164,"column":8},"end":{"line":164,"column":44}},"28":{"start":{"line":165,"column":8},"end":{"line":165,"column":63}},"29":{"start":{"line":166,"column":8},"end":{"line":166,"column":48}},"30":{"start":{"line":176,"column":8},"end":{"line":176,"column":44}},"31":{"start":{"line":177,"column":8},"end":{"line":177,"column":43}},"32":{"start":{"line":178,"column":8},"end":{"line":178,"column":48}},"33":{"start":{"line":195,"column":8},"end":{"line":195,"column":79}},"34":{"start":{"line":204,"column":8},"end":{"line":204,"column":48}},"35":{"start":{"line":211,"column":8},"end":{"line":211,"column":50}},"36":{"start":{"line":218,"column":8},"end":{"line":218,"column":34}},"37":{"start":{"line":231,"column":8},"end":{"line":231,"column":61}},"38":{"start":{"line":232,"column":8},"end":{"line":232,"column":63}},"39":{"start":{"line":240,"column":8},"end":{"line":240,"column":73}},"40":{"start":{"line":241,"column":8},"end":{"line":241,"column":58}},"41":{"start":{"line":252,"column":8},"end":{"line":252,"column":72}},"42":{"start":{"line":262,"column":8},"end":{"line":262,"column":86}}},"branchMap":{"1":{"line":64,"type":"if","locations":[{"start":{"line":64,"column":8},"end":{"line":64,"column":8}},{"start":{"line":64,"column":8},"end":{"line":64,"column":8}}]},"2":{"line":85,"type":"if","locations":[{"start":{"line":85,"column":8},"end":{"line":85,"column":8}},{"start":{"line":85,"column":8},"end":{"line":85,"column":8}}]},"3":{"line":140,"type":"if","locations":[{"start":{"line":140,"column":8},"end":{"line":140,"column":8}},{"start":{"line":140,"column":8},"end":{"line":140,"column":8}}]},"4":{"line":152,"type":"if","locations":[{"start":{"line":152,"column":8},"end":{"line":152,"column":8}},{"start":{"line":152,"column":8},"end":{"line":152,"column":8}}]},"5":{"line":165,"type":"if","locations":[{"start":{"line":165,"column":8},"end":{"line":165,"column":8}},{"start":{"line":165,"column":8},"end":{"line":165,"column":8}}]},"6":{"line":177,"type":"if","locations":[{"start":{"line":177,"column":8},"end":{"line":177,"column":8}},{"start":{"line":177,"column":8},"end":{"line":177,"column":8}}]}}},
"contracts\\contracts\\utils\\EnumerableSet.sol":{"l":{"55":5,"56":5,"59":5,"60":5,"62":0,"74":0,"76":0,"81":0,"82":0,"87":0,"90":0,"92":0,"95":0,"98":0,"100":0,"102":0,"110":5,"117":0,"131":5,"132":5,"148":0,"158":0,"165":0,"172":0,"186":0,"202":0,"212":0,"219":0,"226":0,"240":0,"257":5,"267":0,"274":0,"281":0,"295":5},"path":"C:\\xampp\\htdocs\\sc\\semesterII\\ERC721Lottery\\contracts\\contracts\\utils\\EnumerableSet.sol","s":{"1":5,"2":5,"3":5,"4":5,"5":0,"6":0,"7":0,"8":0,"9":0,"10":0,"11":0,"12":0,"13":0,"14":0,"15":0,"16":5,"17":0,"18":5,"19":5,"20":0,"21":0,"22":0,"23":0,"24":0,"25":0,"26":0,"27":0,"28":0,"29":0,"30":5,"31":0,"32":0,"33":0,"34":5},"b":{"1":[5,0],"2":[0,0],"3":[5,0]},"f":{"1":5,"2":0,"3":5,"4":0,"5":5,"6":0,"7":0,"8":0,"9":0,"10":0,"11":0,"12":0,"13":0,"14":0,"15":0,"16":5,"17":0,"18":0,"19":0,"20":5},"fnMap":{"1":{"name":"_add","line":54,"loc":{"start":{"line":54,"column":4},"end":{"line":64,"column":4}}},"2":{"name":"_remove","line":72,"loc":{"start":{"line":72,"column":4},"end":{"line":104,"column":4}}},"3":{"name":"_contains","line":109,"loc":{"start":{"line":109,"column":4},"end":{"line":111,"column":4}}},"4":{"name":"_length","line":116,"loc":{"start":{"line":116,"column":4},"end":{"line":118,"column":4}}},"5":{"name":"_at","line":130,"loc":{"start":{"line":130,"column":4},"end":{"line":133,"column":4}}},"6":{"name":"add","line":147,"loc":{"start":{"line":147,"column":4},"end":{"line":149,"column":4}}},"7":{"name":"remove","line":157,"loc":{"start":{"line":157,"column":4},"end":{"line":159,"column":4}}},"8":{"name":"contains","line":164,"loc":{"start":{"line":164,"column":4},"end":{"line":166,"column":4}}},"9":{"name":"length","line":171,"loc":{"start":{"line":171,"column":4},"end":{"line":173,"column":4}}},"10":{"name":"at","line":185,"loc":{"start":{"line":185,"column":4},"end":{"line":187,"column":4}}},"11":{"name":"add","line":201,"loc":{"start":{"line":201,"column":4},"end":{"line":203,"column":4}}},"12":{"name":"remove","line":211,"loc":{"start":{"line":211,"column":4},"end":{"line":213,"column":4}}},"13":{"name":"contains","line":218,"loc":{"start":{"line":218,"column":4},"end":{"line":220,"column":4}}},"14":{"name":"length","line":225,"loc":{"start":{"line":225,"column":4},"end":{"line":227,"column":4}}},"15":{"name":"at","line":239,"loc":{"start":{"line":239,"column":4},"end":{"line":241,"column":4}}},"16":{"name":"add","line":256,"loc":{"start":{"line":256,"column":4},"end":{"line":258,"column":4}}},"17":{"name":"remove","line":266,"loc":{"start":{"line":266,"column":4},"end":{"line":268,"column":4}}},"18":{"name":"contains","line":273,"loc":{"start":{"line":273,"column":4},"end":{"line":275,"column":4}}},"19":{"name":"length","line":280,"loc":{"start":{"line":280,"column":4},"end":{"line":282,"column":4}}},"20":{"name":"at","line":294,"loc":{"start":{"line":294,"column":4},"end":{"line":296,"column":4}}}},"statementMap":{"1":{"start":{"line":55,"column":8},"end":{"line":55,"column":1728}},"2":{"start":{"line":56,"column":12},"end":{"line":56,"column":34}},"3":{"start":{"line":59,"column":12},"end":{"line":59,"column":51}},"4":{"start":{"line":60,"column":12},"end":{"line":60,"column":23}},"5":{"start":{"line":62,"column":12},"end":{"line":62,"column":24}},"6":{"start":{"line":74,"column":8},"end":{"line":74,"column":48}},"7":{"start":{"line":76,"column":8},"end":{"line":76,"column":2454}},"8":{"start":{"line":81,"column":12},"end":{"line":81,"column":50}},"9":{"start":{"line":82,"column":12},"end":{"line":82,"column":54}},"10":{"start":{"line":87,"column":12},"end":{"line":87,"column":54}},"11":{"start":{"line":90,"column":12},"end":{"line":90,"column":49}},"12":{"start":{"line":92,"column":12},"end":{"line":92,"column":54}},"13":{"start":{"line":95,"column":12},"end":{"line":95,"column":28}},"14":{"start":{"line":100,"column":12},"end":{"line":100,"column":23}},"15":{"start":{"line":102,"column":12},"end":{"line":102,"column":24}},"16":{"start":{"line":110,"column":8},"end":{"line":110,"column":39}},"17":{"start":{"line":117,"column":8},"end":{"line":117,"column":33}},"18":{"start":{"line":131,"column":8},"end":{"line":131,"column":80}},"19":{"start":{"line":132,"column":8},"end":{"line":132,"column":33}},"20":{"start":{"line":148,"column":8},"end":{"line":148,"column":38}},"21":{"start":{"line":158,"column":8},"end":{"line":158,"column":41}},"22":{"start":{"line":165,"column":8},"end":{"line":165,"column":43}},"23":{"start":{"line":172,"column":8},"end":{"line":172,"column":34}},"24":{"start":{"line":186,"column":8},"end":{"line":186,"column":37}},"25":{"start":{"line":202,"column":8},"end":{"line":202,"column":65}},"26":{"start":{"line":212,"column":8},"end":{"line":212,"column":68}},"27":{"start":{"line":219,"column":8},"end":{"line":219,"column":70}},"28":{"start":{"line":226,"column":8},"end":{"line":226,"column":34}},"29":{"start":{"line":240,"column":8},"end":{"line":240,"column":64}},"30":{"start":{"line":257,"column":8},"end":{"line":257,"column":47}},"31":{"start":{"line":267,"column":8},"end":{"line":267,"column":50}},"32":{"start":{"line":274,"column":8},"end":{"line":274,"column":52}},"33":{"start":{"line":281,"column":8},"end":{"line":281,"column":34}},"34":{"start":{"line":295,"column":8},"end":{"line":295,"column":46}}},"branchMap":{"1":{"line":55,"type":"if","locations":[{"start":{"line":55,"column":8},"end":{"line":55,"column":8}},{"start":{"line":55,"column":8},"end":{"line":55,"column":8}}]},"2":{"line":76,"type":"if","locations":[{"start":{"line":76,"column":8},"end":{"line":76,"column":8}},{"start":{"line":76,"column":8},"end":{"line":76,"column":8}}]},"3":{"line":131,"type":"if","locations":[{"start":{"line":131,"column":8},"end":{"line":131,"column":8}},{"start":{"line":131,"column":8},"end":{"line":131,"column":8}}]}}},
"contracts\\contracts\\utils\\Pausable.sol":{"l":{"33":0,"40":0,"51":0,"52":0,"63":0,"64":0,"75":0,"76":0,"87":0,"88":0},"path":"C:\\xampp\\htdocs\\sc\\semesterII\\ERC721Lottery\\contracts\\contracts\\utils\\Pausable.sol","s":{"1":0,"2":0,"3":0,"4":0,"5":0,"6":0,"7":0,"8":0},"b":{"1":[0,0],"2":[0,0]},"f":{"1":0,"2":0,"3":0,"4":0,"5":0,"6":0},"fnMap":{"1":{"name":"constructor","line":32,"loc":{"start":{"line":32,"column":4},"end":{"line":34,"column":4}}},"2":{"name":"paused","line":39,"loc":{"start":{"line":39,"column":4},"end":{"line":41,"column":4}}},"3":{"name":"whenNotPaused","line":50,"loc":{"start":{"line":50,"column":4},"end":{"line":53,"column":4}}},"4":{"name":"whenPaused","line":62,"loc":{"start":{"line":62,"column":4},"end":{"line":65,"column":4}}},"5":{"name":"_pause","line":74,"loc":{"start":{"line":74,"column":4},"end":{"line":77,"column":4}}},"6":{"name":"_unpause","line":86,"loc":{"start":{"line":86,"column":4},"end":{"line":89,"column":4}}}},"statementMap":{"1":{"start":{"line":33,"column":8},"end":{"line":33,"column":22}},"2":{"start":{"line":40,"column":8},"end":{"line":40,"column":22}},"3":{"start":{"line":51,"column":8},"end":{"line":51,"column":45}},"4":{"start":{"line":63,"column":8},"end":{"line":63,"column":48}},"5":{"start":{"line":75,"column":8},"end":{"line":75,"column":21}},"6":{"start":{"line":76,"column":8},"end":{"line":76,"column":33}},"7":{"start":{"line":87,"column":8},"end":{"line":87,"column":22}},"8":{"start":{"line":88,"column":8},"end":{"line":88,"column":35}}},"branchMap":{"1":{"line":51,"type":"if","locations":[{"start":{"line":51,"column":8},"end":{"line":51,"column":8}},{"start":{"line":51,"column":8},"end":{"line":51,"column":8}}]},"2":{"line":63,"type":"if","locations":[{"start":{"line":63,"column":8},"end":{"line":63,"column":8}},{"start":{"line":63,"column":8},"end":{"line":63,"column":8}}]}}},
"contracts\\contracts\\utils\\ReentrancyGuard.sol":{"l":{"39":0,"51":0,"54":0,"56":0,"60":0},"path":"C:\\xampp\\htdocs\\sc\\semesterII\\ERC721Lottery\\contracts\\contracts\\utils\\ReentrancyGuard.sol","s":{"1":0,"2":0,"3":0,"4":0},"b":{"1":[0,0]},"f":{"1":0,"2":0},"fnMap":{"1":{"name":"constructor","line":38,"loc":{"start":{"line":38,"column":4},"end":{"line":40,"column":4}}},"2":{"name":"nonReentrant","line":49,"loc":{"start":{"line":49,"column":4},"end":{"line":61,"column":4}}}},"statementMap":{"1":{"start":{"line":39,"column":8},"end":{"line":39,"column":29}},"2":{"start":{"line":51,"column":8},"end":{"line":51,"column":70}},"3":{"start":{"line":54,"column":8},"end":{"line":54,"column":25}},"4":{"start":{"line":60,"column":8},"end":{"line":60,"column":29}}},"branchMap":{"1":{"line":51,"type":"if","locations":[{"start":{"line":51,"column":8},"end":{"line":51,"column":8}},{"start":{"line":51,"column":8},"end":{"line":51,"column":8}}]}}},
"contracts\\contracts\\utils\\SafeCast.sol":{"l":{"34":0,"35":0,"49":0,"50":0,"64":0,"65":0,"79":0,"80":0,"94":0,"95":0,"106":0,"107":0,"124":0,"125":0,"142":0,"143":0,"160":0,"161":0,"178":0,"179":0,"196":0,"197":0,"208":0,"209":0},"path":"C:\\xampp\\htdocs\\sc\\semesterII\\ERC721Lottery\\contracts\\contracts\\utils\\SafeCast.sol","s":{"1":0,"2":0,"3":0,"4":0,"5":0,"6":0,"7":0,"8":0,"9":0,"10":0,"11":0,"12":0,"13":0,"14":0,"15":0,"16":0,"17":0,"18":0,"19":0,"20":0,"21":0,"22":0,"23":0,"24":0},"b":{"1":[0,0],"2":[0,0],"3":[0,0],"4":[0,0],"5":[0,0],"6":[0,0],"7":[0,0],"8":[0,0],"9":[0,0],"10":[0,0],"11":[0,0],"12":[0,0]},"f":{"1":0,"2":0,"3":0,"4":0,"5":0,"6":0,"7":0,"8":0,"9":0,"10":0,"11":0,"12":0},"fnMap":{"1":{"name":"toUint128","line":33,"loc":{"start":{"line":33,"column":4},"end":{"line":36,"column":4}}},"2":{"name":"toUint64","line":48,"loc":{"start":{"line":48,"column":4},"end":{"line":51,"column":4}}},"3":{"name":"toUint32","line":63,"loc":{"start":{"line":63,"column":4},"end":{"line":66,"column":4}}},"4":{"name":"toUint16","line":78,"loc":{"start":{"line":78,"column":4},"end":{"line":81,"column":4}}},"5":{"name":"toUint8","line":93,"loc":{"start":{"line":93,"column":4},"end":{"line":96,"column":4}}},"6":{"name":"toUint256","line":105,"loc":{"start":{"line":105,"column":4},"end":{"line":108,"column":4}}},"7":{"name":"toInt128","line":123,"loc":{"start":{"line":123,"column":4},"end":{"line":126,"column":4}}},"8":{"name":"toInt64","line":141,"loc":{"start":{"line":141,"column":4},"end":{"line":144,"column":4}}},"9":{"name":"toInt32","line":159,"loc":{"start":{"line":159,"column":4},"end":{"line":162,"column":4}}},"10":{"name":"toInt16","line":177,"loc":{"start":{"line":177,"column":4},"end":{"line":180,"column":4}}},"11":{"name":"toInt8","line":195,"loc":{"start":{"line":195,"column":4},"end":{"line":198,"column":4}}},"12":{"name":"toInt256","line":207,"loc":{"start":{"line":207,"column":4},"end":{"line":210,"column":4}}}},"statementMap":{"1":{"start":{"line":34,"column":8},"end":{"line":34,"column":74}},"2":{"start":{"line":35,"column":8},"end":{"line":35,"column":29}},"3":{"start":{"line":49,"column":8},"end":{"line":49,"column":72}},"4":{"start":{"line":50,"column":8},"end":{"line":50,"column":28}},"5":{"start":{"line":64,"column":8},"end":{"line":64,"column":72}},"6":{"start":{"line":65,"column":8},"end":{"line":65,"column":28}},"7":{"start":{"line":79,"column":8},"end":{"line":79,"column":72}},"8":{"start":{"line":80,"column":8},"end":{"line":80,"column":28}},"9":{"start":{"line":94,"column":8},"end":{"line":94,"column":70}},"10":{"start":{"line":95,"column":8},"end":{"line":95,"column":27}},"11":{"start":{"line":106,"column":8},"end":{"line":106,"column":62}},"12":{"start":{"line":107,"column":8},"end":{"line":107,"column":29}},"13":{"start":{"line":124,"column":8},"end":{"line":124,"column":94}},"14":{"start":{"line":125,"column":8},"end":{"line":125,"column":28}},"15":{"start":{"line":142,"column":8},"end":{"line":142,"column":91}},"16":{"start":{"line":143,"column":8},"end":{"line":143,"column":27}},"17":{"start":{"line":160,"column":8},"end":{"line":160,"column":91}},"18":{"start":{"line":161,"column":8},"end":{"line":161,"column":27}},"19":{"start":{"line":178,"column":8},"end":{"line":178,"column":91}},"20":{"start":{"line":179,"column":8},"end":{"line":179,"column":27}},"21":{"start":{"line":196,"column":8},"end":{"line":196,"column":88}},"22":{"start":{"line":197,"column":8},"end":{"line":197,"column":26}},"23":{"start":{"line":208,"column":8},"end":{"line":208,"column":74}},"24":{"start":{"line":209,"column":8},"end":{"line":209,"column":28}}},"branchMap":{"1":{"line":34,"type":"if","locations":[{"start":{"line":34,"column":8},"end":{"line":34,"column":8}},{"start":{"line":34,"column":8},"end":{"line":34,"column":8}}]},"2":{"line":49,"type":"if","locations":[{"start":{"line":49,"column":8},"end":{"line":49,"column":8}},{"start":{"line":49,"column":8},"end":{"line":49,"column":8}}]},"3":{"line":64,"type":"if","locations":[{"start":{"line":64,"column":8},"end":{"line":64,"column":8}},{"start":{"line":64,"column":8},"end":{"line":64,"column":8}}]},"4":{"line":79,"type":"if","locations":[{"start":{"line":79,"column":8},"end":{"line":79,"column":8}},{"start":{"line":79,"column":8},"end":{"line":79,"column":8}}]},"5":{"line":94,"type":"if","locations":[{"start":{"line":94,"column":8},"end":{"line":94,"column":8}},{"start":{"line":94,"column":8},"end":{"line":94,"column":8}}]},"6":{"line":106,"type":"if","locations":[{"start":{"line":106,"column":8},"end":{"line":106,"column":8}},{"start":{"line":106,"column":8},"end":{"line":106,"column":8}}]},"7":{"line":124,"type":"if","locations":[{"start":{"line":124,"column":8},"end":{"line":124,"column":8}},{"start":{"line":124,"column":8},"end":{"line":124,"column":8}}]},"8":{"line":142,"type":"if","locations":[{"start":{"line":142,"column":8},"end":{"line":142,"column":8}},{"start":{"line":142,"column":8},"end":{"line":142,"column":8}}]},"9":{"line":160,"type":"if","locations":[{"start":{"line":160,"column":8},"end":{"line":160,"column":8}},{"start":{"line":160,"column":8},"end":{"line":160,"column":8}}]},"10":{"line":178,"type":"if","locations":[{"start":{"line":178,"column":8},"end":{"line":178,"column":8}},{"start":{"line":178,"column":8},"end":{"line":178,"column":8}}]},"11":{"line":196,"type":"if","locations":[{"start":{"line":196,"column":8},"end":{"line":196,"column":8}},{"start":{"line":196,"column":8},"end":{"line":196,"column":8}}]},"12":{"line":208,"type":"if","locations":[{"start":{"line":208,"column":8},"end":{"line":208,"column":8}},{"start":{"line":208,"column":8},"end":{"line":208,"column":8}}]}}},
"contracts\\contracts\\utils\\Strings.sol":{"l":{"16":0,"17":0,"19":0,"20":0,"21":0,"22":0,"23":0,"25":0,"26":0,"27":0,"28":0,"29":0,"30":0,"32":0},"path":"C:\\xampp\\htdocs\\sc\\semesterII\\ERC721Lottery\\contracts\\contracts\\utils\\Strings.sol","s":{"1":0,"2":0,"3":0,"4":0,"5":0,"6":0,"7":0,"8":0,"9":0,"10":0,"11":0,"12":0,"13":0},"b":{"1":[0,0]},"f":{"1":0},"fnMap":{"1":{"name":"toString","line":12,"loc":{"start":{"line":12,"column":4},"end":{"line":33,"column":4}}}},"statementMap":{"1":{"start":{"line":16,"column":8},"end":{"line":16,"column":488}},"2":{"start":{"line":17,"column":12},"end":{"line":17,"column":22}},"3":{"start":{"line":19,"column":8},"end":{"line":19,"column":28}},"4":{"start":{"line":20,"column":8},"end":{"line":20,"column":22}},"5":{"start":{"line":21,"column":8},"end":{"line":21,"column":602}},"6":{"start":{"line":23,"column":12},"end":{"line":23,"column":21}},"7":{"start":{"line":25,"column":8},"end":{"line":25,"column":47}},"8":{"start":{"line":26,"column":8},"end":{"line":26,"column":34}},"9":{"start":{"line":27,"column":8},"end":{"line":27,"column":19}},"10":{"start":{"line":28,"column":8},"end":{"line":28,"column":793}},"11":{"start":{"line":29,"column":12},"end":{"line":29,"column":58}},"12":{"start":{"line":30,"column":12},"end":{"line":30,"column":21}},"13":{"start":{"line":32,"column":8},"end":{"line":32,"column":29}}},"branchMap":{"1":{"line":16,"type":"if","locations":[{"start":{"line":16,"column":8},"end":{"line":16,"column":8}},{"start":{"line":16,"column":8},"end":{"line":16,"column":8}}]}}},
"contracts\\LotteryNFT.sol":{"l":{"40":0,"41":0,"42":0,"46":0,"47":0,"51":6,"52":6,"56":6,"57":6,"61":1,"62":1,"63":1,"67":0,"68":0,"72":5,"81":5,"82":5,"83":5,"84":5,"85":5,"86":5,"90":0,"91":0,"92":0,"96":0,"97":0,"98":0,"106":0,"111":0,"112":0,"113":0,"114":0,"115":0,"116":0,"117":0,"118":0,"120":0,"121":0,"122":0,"123":0,"124":0,"128":0,"132":0,"133":0,"134":0,"135":0},"path":"C:\\xampp\\htdocs\\sc\\semesterII\\ERC721Lottery\\contracts\\LotteryNFT.sol","s":{"1":0,"2":0,"3":0,"4":6,"5":6,"6":1,"7":1,"8":1,"9":0,"10":0,"11":5,"12":5,"13":5,"14":5,"15":5,"16":5,"17":5,"18":0,"19":0,"20":0,"21":0,"22":0,"23":0,"24":0,"25":0,"26":0,"27":0,"28":0,"29":0,"30":0,"31":0,"32":0,"33":0,"34":0,"35":0,"36":0,"37":0,"38":0,"39":0,"40":0,"41":0,"42":0},"b":{"1":[0,0],"2":[0,0],"3":[6,0],"4":[6,0],"5":[0,0],"6":[0,0],"7":[0,0],"8":[0,0],"9":[0,0],"10":[0,0],"11":[0,0]},"f":{"1":0,"2":0,"3":6,"4":6,"5":1,"6":0,"7":5,"8":0,"9":0,"10":0,"11":0,"12":0,"13":0,"14":0},"fnMap":{"1":{"name":"validStatus","line":39,"loc":{"start":{"line":39,"column":4},"end":{"line":43,"column":4}}},"2":{"name":"onlyOwner","line":45,"loc":{"start":{"line":45,"column":4},"end":{"line":48,"column":4}}},"3":{"name":"onlyManager","line":50,"loc":{"start":{"line":50,"column":4},"end":{"line":53,"column":4}}},"4":{"name":"validPhase","line":55,"loc":{"start":{"line":55,"column":4},"end":{"line":58,"column":4}}},"5":{"name":"initLottery","line":60,"loc":{"start":{"line":60,"column":1},"end":{"line":64,"column":1}}},"6":{"name":"changeState","line":66,"loc":{"start":{"line":66,"column":1},"end":{"line":69,"column":4}}},"7":{"name":"createTicketLottery","line":71,"loc":{"start":{"line":71,"column":4},"end":{"line":87,"column":5}}},"8":{"name":"approveTransferToken","line":89,"loc":{"start":{"line":89,"column":5},"end":{"line":93,"column":5}}},"9":{"name":"approvalForAll","line":95,"loc":{"start":{"line":95,"column":5},"end":{"line":99,"column":5}}},"10":{"name":"validateIsApprovedForAll","line":101,"loc":{"start":{"line":101,"column":5},"end":{"line":103,"column":5}}},"11":{"name":"existsToken","line":105,"loc":{"start":{"line":105,"column":5},"end":{"line":107,"column":5}}},"12":{"name":"buyTicketLottery","line":109,"loc":{"start":{"line":109,"column":5},"end":{"line":125,"column":5}}},"13":{"name":"closeSale","line":127,"loc":{"start":{"line":127,"column":5},"end":{"line":129,"column":5}}},"14":{"name":"pickWinner","line":131,"loc":{"start":{"line":131,"column":5},"end":{"line":136,"column":5}}}},"statementMap":{"1":{"start":{"line":40,"column":8},"end":{"line":40,"column":61}},"2":{"start":{"line":41,"column":8},"end":{"line":41,"column":47}},"3":{"start":{"line":46,"column":8},"end":{"line":46,"column":80}},"4":{"start":{"line":51,"column":8},"end":{"line":51,"column":61}},"5":{"start":{"line":56,"column":8},"end":{"line":56,"column":33}},"6":{"start":{"line":61,"column":5},"end":{"line":61,"column":30}},"7":{"start":{"line":62,"column":2},"end":{"line":62,"column":29}},"8":{"start":{"line":63,"column":2},"end":{"line":63,"column":19}},"9":{"start":{"line":67,"column":8},"end":{"line":67,"column":25}},"10":{"start":{"line":68,"column":8},"end":{"line":68,"column":16}},"11":{"start":{"line":72,"column":8},"end":{"line":72,"column":1938}},"12":{"start":{"line":81,"column":8},"end":{"line":81,"column":42}},"13":{"start":{"line":82,"column":8},"end":{"line":82,"column":51}},"14":{"start":{"line":83,"column":8},"end":{"line":83,"column":37}},"15":{"start":{"line":84,"column":8},"end":{"line":84,"column":62}},"16":{"start":{"line":85,"column":8},"end":{"line":85,"column":41}},"17":{"start":{"line":86,"column":8},"end":{"line":86,"column":37}},"18":{"start":{"line":90,"column":9},"end":{"line":90,"column":65}},"19":{"start":{"line":91,"column":9},"end":{"line":91,"column":42}},"20":{"start":{"line":92,"column":9},"end":{"line":92,"column":68}},"21":{"start":{"line":96,"column":9},"end":{"line":96,"column":42}},"22":{"start":{"line":97,"column":9},"end":{"line":97,"column":48}},"23":{"start":{"line":98,"column":9},"end":{"line":98,"column":57}},"24":{"start":{"line":106,"column":8},"end":{"line":106,"column":47}},"25":{"start":{"line":111,"column":12},"end":{"line":111,"column":76}},"26":{"start":{"line":112,"column":12},"end":{"line":112,"column":64}},"27":{"start":{"line":113,"column":12},"end":{"line":113,"column":44}},"28":{"start":{"line":114,"column":12},"end":{"line":114,"column":87}},"29":{"start":{"line":115,"column":12},"end":{"line":115,"column":83}},"30":{"start":{"line":116,"column":12},"end":{"line":116,"column":62}},"31":{"start":{"line":117,"column":12},"end":{"line":117,"column":3935}},"32":{"start":{"line":118,"column":16},"end":{"line":118,"column":67}},"33":{"start":{"line":120,"column":12},"end":{"line":120,"column":60}},"34":{"start":{"line":121,"column":12},"end":{"line":121,"column":72}},"35":{"start":{"line":122,"column":12},"end":{"line":122,"column":68}},"36":{"start":{"line":123,"column":12},"end":{"line":123,"column":50}},"37":{"start":{"line":124,"column":12},"end":{"line":124,"column":59}},"38":{"start":{"line":128,"column":9},"end":{"line":128,"column":26}},"39":{"start":{"line":132,"column":9},"end":{"line":132,"column":48}},"40":{"start":{"line":133,"column":9},"end":{"line":133,"column":117}},"41":{"start":{"line":134,"column":9},"end":{"line":134,"column":26}},"42":{"start":{"line":135,"column":9},"end":{"line":135,"column":51}}},"branchMap":{"1":{"line":41,"type":"if","locations":[{"start":{"line":41,"column":8},"end":{"line":41,"column":8}},{"start":{"line":41,"column":8},"end":{"line":41,"column":8}}]},"2":{"line":46,"type":"if","locations":[{"start":{"line":46,"column":8},"end":{"line":46,"column":8}},{"start":{"line":46,"column":8},"end":{"line":46,"column":8}}]},"3":{"line":51,"type":"if","locations":[{"start":{"line":51,"column":8},"end":{"line":51,"column":8}},{"start":{"line":51,"column":8},"end":{"line":51,"column":8}}]},"4":{"line":56,"type":"if","locations":[{"start":{"line":56,"column":8},"end":{"line":56,"column":8}},{"start":{"line":56,"column":8},"end":{"line":56,"column":8}}]},"5":{"line":67,"type":"if","locations":[{"start":{"line":67,"column":8},"end":{"line":67,"column":8}},{"start":{"line":67,"column":8},"end":{"line":67,"column":8}}]},"6":{"line":96,"type":"if","locations":[{"start":{"line":96,"column":9},"end":{"line":96,"column":9}},{"start":{"line":96,"column":9},"end":{"line":96,"column":9}}]},"7":{"line":111,"type":"if","locations":[{"start":{"line":111,"column":12},"end":{"line":111,"column":12}},{"start":{"line":111,"column":12},"end":{"line":111,"column":12}}]},"8":{"line":114,"type":"if","locations":[{"start":{"line":114,"column":12},"end":{"line":114,"column":12}},{"start":{"line":114,"column":12},"end":{"line":114,"column":12}}]},"9":{"line":115,"type":"if","locations":[{"start":{"line":115,"column":12},"end":{"line":115,"column":12}},{"start":{"line":115,"column":12},"end":{"line":115,"column":12}}]},"10":{"line":116,"type":"if","locations":[{"start":{"line":116,"column":12},"end":{"line":116,"column":12}},{"start":{"line":116,"column":12},"end":{"line":116,"column":12}}]},"11":{"line":117,"type":"if","locations":[{"start":{"line":117,"column":12},"end":{"line":117,"column":12}},{"start":{"line":117,"column":12},"end":{"line":117,"column":12}}]}}}}
