TN:
SF:C:\xampp\htdocs\sc\semesterII\ERC721Lottery\contracts\contracts\introspection\ERC165.sol
FN:24,constructor
FN:35,supportsInterface
FN:50,_registerInterface
FNF:3
FNH:2
FNDA:3,constructor
FNDA:0,supportsInterface
FNDA:12,_registerInterface
DA:27,3
DA:36,0
DA:51,12
DA:52,12
LF:4
LH:3
BRDA:51,1,0,12
BRDA:51,1,1,0
BRF:2
BRH:1
end_of_record
TN:
SF:C:\xampp\htdocs\sc\semesterII\ERC721Lottery\contracts\contracts\introspection\ERC165Checker.sol
FN:24,supportsERC165
FN:37,supportsInterface
FN:51,getSupportedInterfaces
FN:75,supportsAllInterfaces
FN:103,_supportsERC165Interface
FN:119,_callERC165SupportsInterface
FNF:6
FNH:0
FNDA:0,supportsERC165
FNDA:0,supportsInterface
FNDA:0,getSupportedInterfaces
FNDA:0,supportsAllInterfaces
FNDA:0,_supportsERC165Interface
FNDA:0,_callERC165SupportsInterface
DA:27,0
DA:39,0
DA:53,0
DA:56,0
DA:58,0
DA:59,0
DA:63,0
DA:77,0
DA:78,0
DA:82,0
DA:83,0
DA:84,0
DA:89,0
DA:106,0
DA:108,0
DA:124,0
DA:125,0
DA:126,0
DA:127,0
LF:19
LH:0
BRDA:56,1,0,0
BRDA:56,1,1,0
BRDA:77,2,0,0
BRDA:77,2,1,0
BRDA:83,3,0,0
BRDA:83,3,1,0
BRDA:126,4,0,0
BRDA:126,4,1,0
BRF:8
BRH:0
end_of_record
TN:
SF:C:\xampp\htdocs\sc\semesterII\ERC721Lottery\contracts\contracts\introspection\IERC165.sol
FNF:0
FNH:0
LF:0
LH:0
BRF:0
BRH:0
end_of_record
TN:
SF:C:\xampp\htdocs\sc\semesterII\ERC721Lottery\contracts\contracts\math\Math.sol
FN:12,max
FN:19,min
FN:27,average
FNF:3
FNH:0
FNDA:0,max
FNDA:0,min
FNDA:0,average
DA:13,0
DA:20,0
DA:29,0
LF:3
LH:0
BRF:0
BRH:0
end_of_record
TN:
SF:C:\xampp\htdocs\sc\semesterII\ERC721Lottery\contracts\contracts\math\SafeMath.sol
FN:22,tryAdd
FN:31,trySub
FN:39,tryMul
FN:52,tryDiv
FN:60,tryMod
FN:75,add
FN:91,sub
FN:106,mul
FN:125,div
FN:142,mod
FN:160,sub
FN:180,div
FN:200,mod
FNF:13
FNH:0
FNDA:0,tryAdd
FNDA:0,trySub
FNDA:0,tryMul
FNDA:0,tryDiv
FNDA:0,tryMod
FNDA:0,add
FNDA:0,sub
FNDA:0,mul
FNDA:0,div
FNDA:0,mod
FNDA:0,sub
FNDA:0,div
FNDA:0,mod
DA:23,0
DA:24,0
DA:25,0
DA:32,0
DA:33,0
DA:43,0
DA:44,0
DA:45,0
DA:46,0
DA:53,0
DA:54,0
DA:61,0
DA:62,0
DA:76,0
DA:77,0
DA:78,0
DA:92,0
DA:93,0
DA:107,0
DA:108,0
DA:109,0
DA:110,0
DA:126,0
DA:127,0
DA:143,0
DA:144,0
DA:161,0
DA:162,0
DA:181,0
DA:182,0
DA:201,0
DA:202,0
LF:32
LH:0
BRDA:24,1,0,0
BRDA:24,1,1,0
BRDA:32,2,0,0
BRDA:32,2,1,0
BRDA:43,3,0,0
BRDA:43,3,1,0
BRDA:45,4,0,0
BRDA:45,4,1,0
BRDA:53,5,0,0
BRDA:53,5,1,0
BRDA:61,6,0,0
BRDA:61,6,1,0
BRDA:77,7,0,0
BRDA:77,7,1,0
BRDA:92,8,0,0
BRDA:92,8,1,0
BRDA:107,9,0,0
BRDA:107,9,1,0
BRDA:109,10,0,0
BRDA:109,10,1,0
BRDA:126,11,0,0
BRDA:126,11,1,0
BRDA:143,12,0,0
BRDA:143,12,1,0
BRDA:161,13,0,0
BRDA:161,13,1,0
BRDA:181,14,0,0
BRDA:181,14,1,0
BRDA:201,15,0,0
BRDA:201,15,1,0
BRF:30
BRH:0
end_of_record
TN:
SF:C:\xampp\htdocs\sc\semesterII\ERC721Lottery\contracts\contracts\math\SignedSafeMath.sol
FN:22,mul
FN:50,div
FN:69,sub
FN:86,add
FNF:4
FNH:0
FNDA:0,mul
FNDA:0,div
FNDA:0,sub
FNDA:0,add
DA:26,0
DA:27,0
DA:30,0
DA:32,0
DA:33,0
DA:35,0
DA:51,0
DA:52,0
DA:54,0
DA:56,0
DA:70,0
DA:71,0
DA:73,0
DA:87,0
DA:88,0
DA:90,0
LF:16
LH:0
BRDA:26,1,0,0
BRDA:26,1,1,0
BRDA:30,2,0,0
BRDA:30,2,1,0
BRDA:33,3,0,0
BRDA:33,3,1,0
BRDA:51,4,0,0
BRDA:51,4,1,0
BRDA:52,5,0,0
BRDA:52,5,1,0
BRDA:71,6,0,0
BRDA:71,6,1,0
BRDA:88,7,0,0
BRDA:88,7,1,0
BRF:14
BRH:0
end_of_record
TN:
SF:C:\xampp\htdocs\sc\semesterII\ERC721Lottery\contracts\contracts\token\ERC721\ERC721.sol
FN:93,constructor
FN:106,balanceOf
FN:114,ownerOf
FN:121,name
FN:128,symbol
FN:135,tokenURI
FN:158,baseURI
FN:165,tokenOfOwnerByIndex
FN:172,totalSupply
FN:180,tokenByIndex
FN:188,approve
FN:202,getApproved
FN:211,setApprovalForAll
FN:221,isApprovedForAll
FN:228,transferFrom
FN:238,safeTransferFrom
FN:245,safeTransferFrom
FN:268,_safeTransfer
FN:281,_exists
FN:292,_isApprovedOrOwner
FN:308,_safeMint
FN:316,_safeMint
FN:333,_mint
FN:356,_burn
FN:387,_transfer
FN:411,_setTokenURI
FN:421,_setBaseURI
FN:435,_checkOnERC721Received
FN:452,_approve
FN:472,_beforeTokenTransfer
FNF:30
FNH:10
FNDA:3,constructor
FNDA:0,balanceOf
FNDA:1,ownerOf
FNDA:0,name
FNDA:0,symbol
FNDA:0,tokenURI
FNDA:0,baseURI
FNDA:5,tokenOfOwnerByIndex
FNDA:1,totalSupply
FNDA:0,tokenByIndex
FNDA:0,approve
FNDA:0,getApproved
FNDA:0,setApprovalForAll
FNDA:0,isApprovedForAll
FNDA:0,transferFrom
FNDA:0,safeTransferFrom
FNDA:0,safeTransferFrom
FNDA:0,_safeTransfer
FNDA:5,_exists
FNDA:0,_isApprovedOrOwner
FNDA:5,_safeMint
FNDA:5,_safeMint
FNDA:5,_mint
FNDA:0,_burn
FNDA:0,_transfer
FNDA:0,_setTokenURI
FNDA:0,_setBaseURI
FNDA:5,_checkOnERC721Received
FNDA:0,_approve
FNDA:5,_beforeTokenTransfer
DA:94,3
DA:95,3
DA:98,3
DA:99,3
DA:100,3
DA:107,0
DA:108,0
DA:115,1
DA:122,0
DA:129,0
DA:136,0
DA:138,0
DA:139,0
DA:142,0
DA:143,0
DA:146,0
DA:147,0
DA:150,0
DA:159,0
DA:166,5
DA:174,1
DA:181,0
DA:182,0
DA:189,0
DA:190,0
DA:192,0
DA:196,0
DA:203,0
DA:205,0
DA:212,0
DA:214,0
DA:215,0
DA:222,0
DA:230,0
DA:232,0
DA:239,0
DA:246,0
DA:247,0
DA:269,0
DA:270,0
DA:282,5
DA:293,0
DA:294,0
DA:295,0
DA:309,5
DA:317,5
DA:318,5
DA:334,5
DA:335,5
DA:337,5
DA:339,5
DA:341,5
DA:343,5
DA:357,0
DA:359,0
DA:362,0
DA:365,0
DA:366,0
DA:369,0
DA:371,0
DA:373,0
DA:388,0
DA:389,0
DA:391,0
DA:394,0
DA:396,0
DA:397,0
DA:399,0
DA:401,0
DA:412,0
DA:413,0
DA:422,0
DA:438,5
DA:439,5
DA:441,0
DA:448,0
DA:449,0
DA:453,0
DA:454,0
LF:79
LH:20
BRDA:107,1,0,0
BRDA:107,1,1,0
BRDA:136,2,0,0
BRDA:136,2,1,0
BRDA:142,3,0,0
BRDA:142,3,1,0
BRDA:146,4,0,0
BRDA:146,4,1,0
BRDA:190,5,0,0
BRDA:190,5,1,0
BRDA:192,6,0,0
BRDA:192,6,1,0
BRDA:203,7,0,0
BRDA:203,7,1,0
BRDA:212,8,0,0
BRDA:212,8,1,0
BRDA:230,9,0,0
BRDA:230,9,1,0
BRDA:246,10,0,0
BRDA:246,10,1,0
BRDA:270,11,0,0
BRDA:270,11,1,0
BRDA:293,12,0,0
BRDA:293,12,1,0
BRDA:318,13,0,5
BRDA:318,13,1,0
BRDA:334,14,0,5
BRDA:334,14,1,0
BRDA:335,15,0,5
BRDA:335,15,1,0
BRDA:365,16,0,0
BRDA:365,16,1,0
BRDA:388,17,0,0
BRDA:388,17,1,0
BRDA:389,18,0,0
BRDA:389,18,1,0
BRDA:412,19,0,0
BRDA:412,19,1,0
BRDA:438,20,0,5
BRDA:438,20,1,0
BRF:40
BRH:4
end_of_record
TN:
SF:C:\xampp\htdocs\sc\semesterII\ERC721Lottery\contracts\contracts\token\ERC721\ERC721Burnable.sol
FN:20,burn
FNF:1
FNH:0
FNDA:0,burn
DA:22,0
DA:23,0
LF:2
LH:0
BRDA:22,1,0,0
BRDA:22,1,1,0
BRF:2
BRH:0
end_of_record
TN:
SF:C:\xampp\htdocs\sc\semesterII\ERC721Lottery\contracts\contracts\token\ERC721\ERC721Holder.sol
FN:20,onERC721Received
FNF:1
FNH:0
FNDA:0,onERC721Received
DA:21,0
LF:1
LH:0
BRF:0
BRH:0
end_of_record
TN:
SF:C:\xampp\htdocs\sc\semesterII\ERC721Lottery\contracts\contracts\token\ERC721\ERC721Pausable.sol
FN:23,_beforeTokenTransfer
FNF:1
FNH:0
FNDA:0,_beforeTokenTransfer
DA:24,0
DA:26,0
LF:2
LH:0
BRDA:26,1,0,0
BRDA:26,1,1,0
BRF:2
BRH:0
end_of_record
TN:
SF:C:\xampp\htdocs\sc\semesterII\ERC721Lottery\contracts\contracts\token\ERC721\IERC721.sol
FNF:0
FNH:0
LF:0
LH:0
BRF:0
BRH:0
end_of_record
TN:
SF:C:\xampp\htdocs\sc\semesterII\ERC721Lottery\contracts\contracts\token\ERC721\IERC721Enumerable.sol
FNF:0
FNH:0
LF:0
LH:0
BRF:0
BRH:0
end_of_record
TN:
SF:C:\xampp\htdocs\sc\semesterII\ERC721Lottery\contracts\contracts\token\ERC721\IERC721Metadata.sol
FNF:0
FNH:0
LF:0
LH:0
BRF:0
BRH:0
end_of_record
TN:
SF:C:\xampp\htdocs\sc\semesterII\ERC721Lottery\contracts\contracts\token\ERC721\IERC721Receiver.sol
FNF:0
FNH:0
LF:0
LH:0
BRF:0
BRH:0
end_of_record
TN:
SF:C:\xampp\htdocs\sc\semesterII\ERC721Lottery\contracts\contracts\utils\Address.sol
FN:26,isContract
FN:53,sendValue
FN:79,functionCall
FN:89,functionCall
FN:104,functionCallWithValue
FN:114,functionCallWithValue
FN:129,functionStaticCall
FN:139,functionStaticCall
FN:153,functionDelegateCall
FN:163,functionDelegateCall
FN:171,_verifyCallResult
FNF:11
FNH:1
FNDA:5,isContract
FNDA:0,sendValue
FNDA:0,functionCall
FNDA:0,functionCall
FNDA:0,functionCallWithValue
FNDA:0,functionCallWithValue
FNDA:0,functionStaticCall
FNDA:0,functionStaticCall
FNDA:0,functionDelegateCall
FNDA:0,functionDelegateCall
FNDA:0,_verifyCallResult
DA:31,5
DA:33,5
DA:34,5
DA:54,0
DA:57,0
DA:58,0
DA:80,0
DA:90,0
DA:105,0
DA:115,0
DA:116,0
DA:119,0
DA:120,0
DA:130,0
DA:140,0
DA:143,0
DA:144,0
DA:154,0
DA:164,0
DA:167,0
DA:168,0
DA:172,0
DA:173,0
DA:176,0
DA:180,0
DA:185,0
LF:26
LH:3
BRDA:54,1,0,0
BRDA:54,1,1,0
BRDA:58,2,0,0
BRDA:58,2,1,0
BRDA:115,3,0,0
BRDA:115,3,1,0
BRDA:116,4,0,0
BRDA:116,4,1,0
BRDA:140,5,0,0
BRDA:140,5,1,0
BRDA:164,6,0,0
BRDA:164,6,1,0
BRDA:172,7,0,0
BRDA:172,7,1,0
BRDA:176,8,0,0
BRDA:176,8,1,0
BRF:16
BRH:0
end_of_record
TN:
SF:C:\xampp\htdocs\sc\semesterII\ERC721Lottery\contracts\contracts\utils\Arrays.sol
FN:20,findUpperBound
FNF:1
FNH:0
FNDA:0,findUpperBound
DA:21,0
DA:22,0
DA:25,0
DA:26,0
DA:28,0
DA:29,0
DA:33,0
DA:34,0
DA:36,0
DA:41,0
DA:42,0
DA:44,0
LF:12
LH:0
BRDA:21,1,0,0
BRDA:21,1,1,0
BRDA:33,2,0,0
BRDA:33,2,1,0
BRDA:41,3,0,0
BRDA:41,3,1,0
BRF:6
BRH:0
end_of_record
TN:
SF:C:\xampp\htdocs\sc\semesterII\ERC721Lottery\contracts\contracts\utils\Context.sol
FN:16,_msgSender
FN:20,_msgData
FNF:2
FNH:0
FNDA:0,_msgSender
FNDA:0,_msgData
DA:17,0
DA:21,0
DA:22,0
LF:3
LH:0
BRF:0
BRH:0
end_of_record
TN:
SF:C:\xampp\htdocs\sc\semesterII\ERC721Lottery\contracts\contracts\utils\Counters.sol
FN:28,current
FN:32,increment
FN:37,decrement
FNF:3
FNH:0
FNDA:0,current
FNDA:0,increment
FNDA:0,decrement
DA:29,0
DA:34,0
DA:38,0
LF:3
LH:0
BRF:0
BRH:0
end_of_record
TN:
SF:C:\xampp\htdocs\sc\semesterII\ERC721Lottery\contracts\contracts\utils\Create2.sol
FN:29,deploy
FN:45,computeAddress
FN:53,computeAddress
FNF:3
FNH:0
FNDA:0,deploy
FNDA:0,computeAddress
FNDA:0,computeAddress
DA:30,0
DA:31,0
DA:32,0
DA:34,0
DA:37,0
DA:38,0
DA:46,0
DA:54,0
DA:57,0
LF:9
LH:0
BRDA:31,1,0,0
BRDA:31,1,1,0
BRDA:32,2,0,0
BRDA:32,2,1,0
BRDA:37,3,0,0
BRDA:37,3,1,0
BRF:6
BRH:0
end_of_record
TN:
SF:C:\xampp\htdocs\sc\semesterII\ERC721Lottery\contracts\contracts\utils\EnumerableMap.sol
FN:60,_set
FN:81,_remove
FN:118,_contains
FN:125,_length
FN:139,_at
FN:150,_tryGet
FN:163,_get
FN:175,_get
FN:194,set
FN:203,remove
FN:210,contains
FN:217,length
FN:230,at
FN:239,tryGet
FN:251,get
FN:261,get
FNF:16
FNH:8
FNDA:5,_set
FNDA:0,_remove
FNDA:5,_contains
FNDA:1,_length
FNDA:0,_at
FNDA:0,_tryGet
FNDA:0,_get
FNDA:1,_get
FNDA:5,set
FNDA:0,remove
FNDA:5,contains
FNDA:1,length
FNDA:0,at
FNDA:0,tryGet
FNDA:0,get
FNDA:1,get
DA:62,5
DA:64,5
DA:65,5
DA:68,5
DA:69,5
DA:71,0
DA:72,0
DA:83,0
DA:85,0
DA:90,0
DA:91,0
DA:96,0
DA:99,0
DA:101,0
DA:104,0
DA:107,0
DA:109,0
DA:111,0
DA:119,5
DA:126,1
DA:140,0
DA:142,0
DA:143,0
DA:151,0
DA:152,0
DA:153,0
DA:164,0
DA:165,0
DA:166,0
DA:176,1
DA:177,1
DA:178,1
DA:195,5
DA:204,0
DA:211,5
DA:218,1
DA:231,0
DA:232,0
DA:240,0
DA:241,0
DA:252,0
DA:262,1
LF:42
LH:14
BRDA:64,1,0,5
BRDA:64,1,1,0
BRDA:85,2,0,0
BRDA:85,2,1,0
BRDA:140,3,0,0
BRDA:140,3,1,0
BRDA:152,4,0,0
BRDA:152,4,1,0
BRDA:165,5,0,0
BRDA:165,5,1,0
BRDA:177,6,0,1
BRDA:177,6,1,0
BRF:12
BRH:2
end_of_record
TN:
SF:C:\xampp\htdocs\sc\semesterII\ERC721Lottery\contracts\contracts\utils\EnumerableSet.sol
FN:54,_add
FN:72,_remove
FN:109,_contains
FN:116,_length
FN:130,_at
FN:147,add
FN:157,remove
FN:164,contains
FN:171,length
FN:185,at
FN:201,add
FN:211,remove
FN:218,contains
FN:225,length
FN:239,at
FN:256,add
FN:266,remove
FN:273,contains
FN:280,length
FN:294,at
FNF:20
FNH:5
FNDA:5,_add
FNDA:0,_remove
FNDA:5,_contains
FNDA:0,_length
FNDA:5,_at
FNDA:0,add
FNDA:0,remove
FNDA:0,contains
FNDA:0,length
FNDA:0,at
FNDA:0,add
FNDA:0,remove
FNDA:0,contains
FNDA:0,length
FNDA:0,at
FNDA:5,add
FNDA:0,remove
FNDA:0,contains
FNDA:0,length
FNDA:5,at
DA:55,5
DA:56,5
DA:59,5
DA:60,5
DA:62,0
DA:74,0
DA:76,0
DA:81,0
DA:82,0
DA:87,0
DA:90,0
DA:92,0
DA:95,0
DA:98,0
DA:100,0
DA:102,0
DA:110,5
DA:117,0
DA:131,5
DA:132,5
DA:148,0
DA:158,0
DA:165,0
DA:172,0
DA:186,0
DA:202,0
DA:212,0
DA:219,0
DA:226,0
DA:240,0
DA:257,5
DA:267,0
DA:274,0
DA:281,0
DA:295,5
LF:35
LH:9
BRDA:55,1,0,5
BRDA:55,1,1,0
BRDA:76,2,0,0
BRDA:76,2,1,0
BRDA:131,3,0,5
BRDA:131,3,1,0
BRF:6
BRH:2
end_of_record
TN:
SF:C:\xampp\htdocs\sc\semesterII\ERC721Lottery\contracts\contracts\utils\Pausable.sol
FN:32,constructor
FN:39,paused
FN:50,whenNotPaused
FN:62,whenPaused
FN:74,_pause
FN:86,_unpause
FNF:6
FNH:0
FNDA:0,constructor
FNDA:0,paused
FNDA:0,whenNotPaused
FNDA:0,whenPaused
FNDA:0,_pause
FNDA:0,_unpause
DA:33,0
DA:40,0
DA:51,0
DA:52,0
DA:63,0
DA:64,0
DA:75,0
DA:76,0
DA:87,0
DA:88,0
LF:10
LH:0
BRDA:51,1,0,0
BRDA:51,1,1,0
BRDA:63,2,0,0
BRDA:63,2,1,0
BRF:4
BRH:0
end_of_record
TN:
SF:C:\xampp\htdocs\sc\semesterII\ERC721Lottery\contracts\contracts\utils\ReentrancyGuard.sol
FN:38,constructor
FN:49,nonReentrant
FNF:2
FNH:0
FNDA:0,constructor
FNDA:0,nonReentrant
DA:39,0
DA:51,0
DA:54,0
DA:56,0
DA:60,0
LF:5
LH:0
BRDA:51,1,0,0
BRDA:51,1,1,0
BRF:2
BRH:0
end_of_record
TN:
SF:C:\xampp\htdocs\sc\semesterII\ERC721Lottery\contracts\contracts\utils\SafeCast.sol
FN:33,toUint128
FN:48,toUint64
FN:63,toUint32
FN:78,toUint16
FN:93,toUint8
FN:105,toUint256
FN:123,toInt128
FN:141,toInt64
FN:159,toInt32
FN:177,toInt16
FN:195,toInt8
FN:207,toInt256
FNF:12
FNH:0
FNDA:0,toUint128
FNDA:0,toUint64
FNDA:0,toUint32
FNDA:0,toUint16
FNDA:0,toUint8
FNDA:0,toUint256
FNDA:0,toInt128
FNDA:0,toInt64
FNDA:0,toInt32
FNDA:0,toInt16
FNDA:0,toInt8
FNDA:0,toInt256
DA:34,0
DA:35,0
DA:49,0
DA:50,0
DA:64,0
DA:65,0
DA:79,0
DA:80,0
DA:94,0
DA:95,0
DA:106,0
DA:107,0
DA:124,0
DA:125,0
DA:142,0
DA:143,0
DA:160,0
DA:161,0
DA:178,0
DA:179,0
DA:196,0
DA:197,0
DA:208,0
DA:209,0
LF:24
LH:0
BRDA:34,1,0,0
BRDA:34,1,1,0
BRDA:49,2,0,0
BRDA:49,2,1,0
BRDA:64,3,0,0
BRDA:64,3,1,0
BRDA:79,4,0,0
BRDA:79,4,1,0
BRDA:94,5,0,0
BRDA:94,5,1,0
BRDA:106,6,0,0
BRDA:106,6,1,0
BRDA:124,7,0,0
BRDA:124,7,1,0
BRDA:142,8,0,0
BRDA:142,8,1,0
BRDA:160,9,0,0
BRDA:160,9,1,0
BRDA:178,10,0,0
BRDA:178,10,1,0
BRDA:196,11,0,0
BRDA:196,11,1,0
BRDA:208,12,0,0
BRDA:208,12,1,0
BRF:24
BRH:0
end_of_record
TN:
SF:C:\xampp\htdocs\sc\semesterII\ERC721Lottery\contracts\contracts\utils\Strings.sol
FN:12,toString
FNF:1
FNH:0
FNDA:0,toString
DA:16,0
DA:17,0
DA:19,0
DA:20,0
DA:21,0
DA:22,0
DA:23,0
DA:25,0
DA:26,0
DA:27,0
DA:28,0
DA:29,0
DA:30,0
DA:32,0
LF:14
LH:0
BRDA:16,1,0,0
BRDA:16,1,1,0
BRF:2
BRH:0
end_of_record
TN:
SF:C:\xampp\htdocs\sc\semesterII\ERC721Lottery\contracts\LotteryNFT.sol
FN:39,validStatus
FN:45,onlyOwner
FN:50,onlyManager
FN:55,validPhase
FN:60,initLottery
FN:66,changeState
FN:71,createTicketLottery
FN:89,approveTransferToken
FN:95,approvalForAll
FN:101,validateIsApprovedForAll
FN:105,existsToken
FN:109,buyTicketLottery
FN:127,closeSale
FN:131,pickWinner
FNF:14
FNH:4
FNDA:0,validStatus
FNDA:0,onlyOwner
FNDA:6,onlyManager
FNDA:6,validPhase
FNDA:1,initLottery
FNDA:0,changeState
FNDA:5,createTicketLottery
FNDA:0,approveTransferToken
FNDA:0,approvalForAll
FNDA:0,validateIsApprovedForAll
FNDA:0,existsToken
FNDA:0,buyTicketLottery
FNDA:0,closeSale
FNDA:0,pickWinner
DA:40,0
DA:41,0
DA:42,0
DA:46,0
DA:47,0
DA:51,6
DA:52,6
DA:56,6
DA:57,6
DA:61,1
DA:62,1
DA:63,1
DA:67,0
DA:68,0
DA:72,5
DA:81,5
DA:82,5
DA:83,5
DA:84,5
DA:85,5
DA:86,5
DA:90,0
DA:91,0
DA:92,0
DA:96,0
DA:97,0
DA:98,0
DA:106,0
DA:111,0
DA:112,0
DA:113,0
DA:114,0
DA:115,0
DA:116,0
DA:117,0
DA:118,0
DA:120,0
DA:121,0
DA:122,0
DA:123,0
DA:124,0
DA:128,0
DA:132,0
DA:133,0
DA:134,0
DA:135,0
LF:46
LH:14
BRDA:41,1,0,0
BRDA:41,1,1,0
BRDA:46,2,0,0
BRDA:46,2,1,0
BRDA:51,3,0,6
BRDA:51,3,1,0
BRDA:56,4,0,6
BRDA:56,4,1,0
BRDA:67,5,0,0
BRDA:67,5,1,0
BRDA:96,6,0,0
BRDA:96,6,1,0
BRDA:111,7,0,0
BRDA:111,7,1,0
BRDA:114,8,0,0
BRDA:114,8,1,0
BRDA:115,9,0,0
BRDA:115,9,1,0
BRDA:116,10,0,0
BRDA:116,10,1,0
BRDA:117,11,0,0
BRDA:117,11,1,0
BRF:22
BRH:2
end_of_record
